TN:
SF:/home/s1ayer/lab1.2/array.cpp
FNL:0,16,28
FNA:0,42,_Z15array_push_backP5ArrayRKNSt7__cxx1112basic_stringIcSt11char_traitsIcESaIcEEE
FNL:1,31,51
FNA:1,6,_Z12array_insertP5ArrayiRKNSt7__cxx1112basic_stringIcSt11char_traitsIcESaIcEEE
FNL:2,54,58
FNA:2,21,_Z9array_getB5cxx11PK5Arrayi
FNL:3,6,13
FNA:3,42,_Z12create_arrayRKNSt7__cxx1112basic_stringIcSt11char_traitsIcESaIcEEE
FNL:4,61,65
FNA:4,9,_Z9array_setP5ArrayiRKNSt7__cxx1112basic_stringIcSt11char_traitsIcESaIcEEE
FNL:5,68,74
FNA:5,6,_Z12array_deleteP5Arrayi
FNL:6,77,80
FNA:6,9,_Z12array_lengthPK5Array
FNL:7,83,91
FNA:7,9,_Z10array_readB5cxx11PK5Array
FNL:8,94,98
FNA:8,45,_Z13destroy_arrayP5Array
FNF:9
FNH:9
DA:6,42
DA:7,42
DA:8,42
DA:9,42
DA:10,462
DA:11,42
DA:12,42
DA:16,42
DA:17,42
DA:18,42
DA:19,0
DA:20,0
DA:21,0
DA:22,0
DA:23,0
DA:24,0
DA:25,0
DA:27,42
DA:28,42
DA:31,6
DA:32,6
DA:33,6
DA:34,3
DA:35,0
DA:36,0
DA:38,3
DA:39,0
DA:40,0
DA:41,0
DA:42,0
DA:43,0
DA:44,0
DA:45,0
DA:47,6
DA:48,3
DA:49,3
DA:50,3
DA:54,21
DA:55,21
DA:56,18
DA:57,15
DA:61,9
DA:62,9
DA:63,6
DA:64,3
DA:65,3
DA:68,6
DA:69,6
DA:70,6
DA:71,6
DA:72,3
DA:73,3
DA:74,3
DA:77,9
DA:78,9
DA:79,9
DA:83,9
DA:84,9
DA:85,9
DA:86,27
DA:87,18
DA:88,18
DA:90,9
DA:91,9
DA:94,45
DA:95,45
DA:96,462
DA:97,42
LF:68
LH:52
end_of_record
TN:
SF:/home/s1ayer/lab1.2/array.h
FNF:0
FNH:0
LF:0
LH:0
end_of_record
TN:
SF:/home/s1ayer/lab1.2/build/_deps/googletest-src/googletest/include/gtest/gtest-assertion-result.h
FNL:0,155,161
FNA:0,6348,_ZN7testing15AssertionResultC2IbEERKT_PNSt9enable_ifIXntsrSt14is_convertibleIS2_S0_E5valueEvE4typeE
FNA:0,9,_ZN7testing15AssertionResultC2ImEERKT_PNSt9enable_ifIXntsrSt14is_convertibleIS2_S0_E5valueEvE4typeE
FNL:1,174,174
FNA:1,6357,_ZNK7testing15AssertionResultcvbEv
FNL:2,183,185
FNA:2,0,_ZNK7testing15AssertionResult7messageEv
FNL:3,187,187
FNA:3,0,_ZNK7testing15AssertionResult15failure_messageEv
FNL:4,191,194
FNA:4,0,_ZN7testing15AssertionResultlsIA100_cEERS0_RKT_
FNA:4,0,_ZN7testing15AssertionResultlsIA106_cEERS0_RKT_
FNA:4,0,_ZN7testing15AssertionResultlsIA11_cEERS0_RKT_
FNA:4,0,_ZN7testing15AssertionResultlsIA12_cEERS0_RKT_
FNA:4,0,_ZN7testing15AssertionResultlsIA13_cEERS0_RKT_
FNA:4,0,_ZN7testing15AssertionResultlsIA14_cEERS0_RKT_
FNA:4,0,_ZN7testing15AssertionResultlsIA15_cEERS0_RKT_
FNA:4,0,_ZN7testing15AssertionResultlsIA16_cEERS0_RKT_
FNA:4,0,_ZN7testing15AssertionResultlsIA17_cEERS0_RKT_
FNA:4,0,_ZN7testing15AssertionResultlsIA24_cEERS0_RKT_
FNA:4,0,_ZN7testing15AssertionResultlsIA27_cEERS0_RKT_
FNA:4,0,_ZN7testing15AssertionResultlsIA29_cEERS0_RKT_
FNA:4,0,_ZN7testing15AssertionResultlsIA2_cEERS0_RKT_
FNA:4,0,_ZN7testing15AssertionResultlsIA3_cEERS0_RKT_
FNA:4,0,_ZN7testing15AssertionResultlsIA5_cEERS0_RKT_
FNA:4,0,_ZN7testing15AssertionResultlsIA6_cEERS0_RKT_
FNA:4,0,_ZN7testing15AssertionResultlsIA7_cEERS0_RKT_
FNA:4,0,_ZN7testing15AssertionResultlsIA9_cEERS0_RKT_
FNA:4,0,_ZN7testing15AssertionResultlsINS_14TestPartResultEEERS0_RKT_
FNA:4,0,_ZN7testing15AssertionResultlsINS_7MessageEEERS0_RKT_
FNA:4,0,_ZN7testing15AssertionResultlsINSt7__cxx1112basic_stringIcSt11char_traitsIcESaIcEEEEERS0_RKT_
FNA:4,0,_ZN7testing15AssertionResultlsINSt7__cxx1112basic_stringIwSt11char_traitsIwESaIwEEEEERS0_RKT_
FNA:4,0,_ZN7testing15AssertionResultlsIPKcEERS0_RKT_
FNA:4,0,_ZN7testing15AssertionResultlsIPKwEERS0_RKT_
FNA:4,0,_ZN7testing15AssertionResultlsIdEERS0_RKT_
FNL:5,206,209
FNA:5,0,_ZN7testing15AssertionResult13AppendMessageERKNS_7MessageE
FNF:6
FNH:2
DA:155,6357
DA:161,6357
DA:174,6357
DA:183,0
DA:184,0
DA:187,0
DA:191,0
DA:192,0
DA:193,0
DA:206,0
DA:207,0
DA:208,0
DA:209,0
LF:13
LH:3
end_of_record
TN:
SF:/home/s1ayer/lab1.2/build/_deps/googletest-src/googletest/include/gtest/gtest-matchers.h
FNL:0,109,109
FNA:0,0,_ZN7testing19MatchResultListenerD0Ev
FNA:0,0,_ZN7testing19MatchResultListenerD2Ev
FNL:1,115,115
FNA:1,0,_ZN7testing25MatcherDescriberInterfaceD0Ev
FNA:1,0,_ZN7testing25MatcherDescriberInterfaceD2Ev
FNL:2,130,134
FNA:2,0,_ZNK7testing25MatcherDescriberInterface18DescribeNegationToEPSo
FNL:3,183,185
FNA:3,0,_ZNK7testing8internal5AnyEqclINSt7__cxx1112basic_stringIcSt11char_traitsIcESaIcEEES8_EEbRKT_RKT0_
FNA:3,0,_ZNK7testing8internal5AnyEqclISt17basic_string_viewIcSt11char_traitsIcEENSt7__cxx1112basic_stringIcS5_SaIcEEEEEbRKT_RKT0_
FNL:4,221,221
FNA:4,0,_ZN7testing8internal24DummyMatchResultListenerC2Ev
FNL:5,245,245
FNA:5,0,_ZN7testing8internal17SharedPayloadBase5UnrefEv
FNL:6,251,251
FNA:6,0,_ZN7testing8internal13SharedPayloadINS0_9EqMatcherINSt7__cxx1112basic_stringIcSt11char_traitsIcESaIcEEEEEEC2EOS9_
FNL:7,253,255
FNA:7,0,_ZN7testing8internal13SharedPayloadINS0_9EqMatcherINSt7__cxx1112basic_stringIcSt11char_traitsIcESaIcEEEEEE7DestroyEPNS0_17SharedPayloadBaseE
FNL:8,268,271
FNA:8,0,_ZNK7testing8internal11MatcherBaseIRKNSt7__cxx1112basic_stringIcSt11char_traitsIcESaIcEEEE15MatchAndExplainES9_PNS_19MatchResultListenerE
FNL:9,274,277
FNA:9,0,_ZNK7testing8internal11MatcherBaseIRKNSt7__cxx1112basic_stringIcSt11char_traitsIcESaIcEEEE7MatchesES9_
FNL:10,280,283
FNA:10,0,_ZNK7testing8internal11MatcherBaseINSt7__cxx1112basic_stringIcSt11char_traitsIcESaIcEEEE10DescribeToEPSo
FNA:10,0,_ZNK7testing8internal11MatcherBaseIRKNSt7__cxx1112basic_stringIcSt11char_traitsIcESaIcEEEE10DescribeToEPSo
FNA:10,0,_ZNK7testing8internal11MatcherBaseIRKSt17basic_string_viewIcSt11char_traitsIcEEE10DescribeToEPSo
FNA:10,0,_ZNK7testing8internal11MatcherBaseISt17basic_string_viewIcSt11char_traitsIcEEE10DescribeToEPSo
FNL:11,286,289
FNA:11,0,_ZNK7testing8internal11MatcherBaseINSt7__cxx1112basic_stringIcSt11char_traitsIcESaIcEEEE18DescribeNegationToEPSo
FNA:11,0,_ZNK7testing8internal11MatcherBaseIRKNSt7__cxx1112basic_stringIcSt11char_traitsIcESaIcEEEE18DescribeNegationToEPSo
FNA:11,0,_ZNK7testing8internal11MatcherBaseIRKSt17basic_string_viewIcSt11char_traitsIcEEE18DescribeNegationToEPSo
FNA:11,0,_ZNK7testing8internal11MatcherBaseISt17basic_string_viewIcSt11char_traitsIcEEE18DescribeNegationToEPSo
FNL:12,306,306
FNA:12,0,_ZN7testing8internal11MatcherBaseINSt7__cxx1112basic_stringIcSt11char_traitsIcESaIcEEEEC2Ev
FNA:12,0,_ZN7testing8internal11MatcherBaseIRKNSt7__cxx1112basic_stringIcSt11char_traitsIcESaIcEEEEC2Ev
FNA:12,0,_ZN7testing8internal11MatcherBaseIRKSt17basic_string_viewIcSt11char_traitsIcEEEC2Ev
FNA:12,0,_ZN7testing8internal11MatcherBaseISt17basic_string_viewIcSt11char_traitsIcEEEC2Ev
FNL:13,317,319
FNA:13,0,_ZN7testing8internal11MatcherBaseINSt7__cxx1112basic_stringIcSt11char_traitsIcESaIcEEEEC2INS0_9EqMatcherIS7_EEvEEOT_
FNA:13,0,_ZN7testing8internal11MatcherBaseIRKNSt7__cxx1112basic_stringIcSt11char_traitsIcESaIcEEEEC2INS0_9EqMatcherIS7_EEvEEOT_
FNA:13,0,_ZN7testing8internal11MatcherBaseIRKSt17basic_string_viewIcSt11char_traitsIcEEEC2INS0_9EqMatcherINSt7__cxx1112basic_stringIcS4_SaIcEEEEEvEEOT_
FNA:13,0,_ZN7testing8internal11MatcherBaseISt17basic_string_viewIcSt11char_traitsIcEEEC2INS0_9EqMatcherINSt7__cxx1112basic_stringIcS4_SaIcEEEEEvEEOT_
FNL:14,335,338
FNA:14,0,_ZN7testing8internal11MatcherBaseIRKNSt7__cxx1112basic_stringIcSt11char_traitsIcESaIcEEEEC2EOSA_
FNL:15,340,347
FNA:15,0,_ZN7testing8internal11MatcherBaseINSt7__cxx1112basic_stringIcSt11char_traitsIcESaIcEEEEaSEOS8_
FNA:15,0,_ZN7testing8internal11MatcherBaseIRKNSt7__cxx1112basic_stringIcSt11char_traitsIcESaIcEEEEaSEOSA_
FNA:15,0,_ZN7testing8internal11MatcherBaseIRKSt17basic_string_viewIcSt11char_traitsIcEEEaSEOS8_
FNA:15,0,_ZN7testing8internal11MatcherBaseISt17basic_string_viewIcSt11char_traitsIcEEEaSEOS6_
FNL:16,349,349
FNA:16,0,_ZN7testing8internal11MatcherBaseINSt7__cxx1112basic_stringIcSt11char_traitsIcESaIcEEEED0Ev
FNA:16,0,_ZN7testing8internal11MatcherBaseINSt7__cxx1112basic_stringIcSt11char_traitsIcESaIcEEEED2Ev
FNA:16,0,_ZN7testing8internal11MatcherBaseIRKNSt7__cxx1112basic_stringIcSt11char_traitsIcESaIcEEEED0Ev
FNA:16,0,_ZN7testing8internal11MatcherBaseIRKNSt7__cxx1112basic_stringIcSt11char_traitsIcESaIcEEEED2Ev
FNA:16,0,_ZN7testing8internal11MatcherBaseIRKSt17basic_string_viewIcSt11char_traitsIcEEED0Ev
FNA:16,0,_ZN7testing8internal11MatcherBaseIRKSt17basic_string_viewIcSt11char_traitsIcEEED2Ev
FNA:16,0,_ZN7testing8internal11MatcherBaseISt17basic_string_viewIcSt11char_traitsIcEEED0Ev
FNA:16,0,_ZN7testing8internal11MatcherBaseISt17basic_string_viewIcSt11char_traitsIcEEED2Ev
FNL:17,363,365
FNA:17,0,_ZNK7testing8internal11MatcherBaseINSt7__cxx1112basic_stringIcSt11char_traitsIcESaIcEEEE8IsSharedEv
FNA:17,0,_ZNK7testing8internal11MatcherBaseIRKNSt7__cxx1112basic_stringIcSt11char_traitsIcESaIcEEEE8IsSharedEv
FNA:17,0,_ZNK7testing8internal11MatcherBaseIRKSt17basic_string_viewIcSt11char_traitsIcEEE8IsSharedEv
FNA:17,0,_ZNK7testing8internal11MatcherBaseISt17basic_string_viewIcSt11char_traitsIcEEE8IsSharedEv
FNL:18,369,373
FNA:18,0,_ZN7testing8internal11MatcherBaseINSt7__cxx1112basic_stringIcSt11char_traitsIcESaIcEEEE19MatchAndExplainImplINS8_11ValuePolicyINS0_9EqMatcherIS7_EELb0EEEEEDTcldtclsrT_3Getfp_E15MatchAndExplainfp0_clptfp1_L_ZNS_19MatchResultListener6streamEvEEEERKS8_RKS7_PSF_
FNA:18,0,_ZN7testing8internal11MatcherBaseIRKNSt7__cxx1112basic_stringIcSt11char_traitsIcESaIcEEEE19MatchAndExplainImplINSA_11ValuePolicyINS0_9EqMatcherIS7_EELb0EEEEEDTcldtclsrT_3Getfp_E15MatchAndExplainfp0_clptfp1_L_ZNS_19MatchResultListener6streamEvEEEERKSA_S9_PSH_
FNA:18,0,_ZN7testing8internal11MatcherBaseIRKSt17basic_string_viewIcSt11char_traitsIcEEE19MatchAndExplainImplINS8_11ValuePolicyINS0_9EqMatcherINSt7__cxx1112basic_stringIcS4_SaIcEEEEELb0EEEEEDTcldtclsrT_3Getfp_E15MatchAndExplainfp0_clptfp1_L_ZNS_19MatchResultListener6streamEvEEEERKS8_S7_PSJ_
FNA:18,0,_ZN7testing8internal11MatcherBaseISt17basic_string_viewIcSt11char_traitsIcEEE19MatchAndExplainImplINS6_11ValuePolicyINS0_9EqMatcherINSt7__cxx1112basic_stringIcS4_SaIcEEEEELb0EEEEEDTcldtclsrT_3Getfp_E15MatchAndExplainfp0_clptfp1_L_ZNS_19MatchResultListener6streamEvEEEERKS6_RKS5_PSH_
FNL:19,383,390
FNA:19,0,_ZN7testing8internal11MatcherBaseINSt7__cxx1112basic_stringIcSt11char_traitsIcESaIcEEEE12DescribeImplINS8_11ValuePolicyINS0_9EqMatcherIS7_EELb0EEEEEvRKS8_PSob
FNA:19,0,_ZN7testing8internal11MatcherBaseIRKNSt7__cxx1112basic_stringIcSt11char_traitsIcESaIcEEEE12DescribeImplINSA_11ValuePolicyINS0_9EqMatcherIS7_EELb0EEEEEvRKSA_PSob
FNA:19,0,_ZN7testing8internal11MatcherBaseIRKSt17basic_string_viewIcSt11char_traitsIcEEE12DescribeImplINS8_11ValuePolicyINS0_9EqMatcherINSt7__cxx1112basic_stringIcS4_SaIcEEEEELb0EEEEEvRKS8_PSob
FNA:19,0,_ZN7testing8internal11MatcherBaseISt17basic_string_viewIcSt11char_traitsIcEEE12DescribeImplINS6_11ValuePolicyINS0_9EqMatcherINSt7__cxx1112basic_stringIcS4_SaIcEEEEELb0EEEEEvRKS6_PSob
FNL:20,393,406
FNA:20,0,_ZN7testing8internal11MatcherBaseINSt7__cxx1112basic_stringIcSt11char_traitsIcESaIcEEEE16GetDescriberImplINS8_11ValuePolicyINS0_9EqMatcherIS7_EELb0EEEEEPKNS_25MatcherDescriberInterfaceERKS8_
FNA:20,0,_ZN7testing8internal11MatcherBaseIRKNSt7__cxx1112basic_stringIcSt11char_traitsIcESaIcEEEE16GetDescriberImplINSA_11ValuePolicyINS0_9EqMatcherIS7_EELb0EEEEEPKNS_25MatcherDescriberInterfaceERKSA_
FNA:20,0,_ZN7testing8internal11MatcherBaseIRKSt17basic_string_viewIcSt11char_traitsIcEEE16GetDescriberImplINS8_11ValuePolicyINS0_9EqMatcherINSt7__cxx1112basic_stringIcS4_SaIcEEEEELb0EEEEEPKNS_25MatcherDescriberInterfaceERKS8_
FNA:20,0,_ZN7testing8internal11MatcherBaseISt17basic_string_viewIcSt11char_traitsIcEEE16GetDescriberImplINS6_11ValuePolicyINS0_9EqMatcherINSt7__cxx1112basic_stringIcS4_SaIcEEEEELb0EEEEEPKNS_25MatcherDescriberInterfaceERKS6_
FNL:21,409,414
FNA:21,0,_ZN7testing8internal11MatcherBaseINSt7__cxx1112basic_stringIcSt11char_traitsIcESaIcEEEE9GetVTableINS8_11ValuePolicyINS0_9EqMatcherIS7_EELb0EEEEEPKNS8_6VTableEv
FNA:21,0,_ZN7testing8internal11MatcherBaseIRKNSt7__cxx1112basic_stringIcSt11char_traitsIcESaIcEEEE9GetVTableINSA_11ValuePolicyINS0_9EqMatcherIS7_EELb0EEEEEPKNSA_6VTableEv
FNA:21,0,_ZN7testing8internal11MatcherBaseIRKSt17basic_string_viewIcSt11char_traitsIcEEE9GetVTableINS8_11ValuePolicyINS0_9EqMatcherINSt7__cxx1112basic_stringIcS4_SaIcEEEEELb0EEEEEPKNS8_6VTableEv
FNA:21,0,_ZN7testing8internal11MatcherBaseISt17basic_string_viewIcSt11char_traitsIcEEE9GetVTableINS6_11ValuePolicyINS0_9EqMatcherINSt7__cxx1112basic_stringIcS4_SaIcEEEEELb0EEEEEPKNS6_6VTableEv
FNL:22,425,429
FNA:22,0,_ZN7testing8internal11MatcherBaseINSt7__cxx1112basic_stringIcSt11char_traitsIcESaIcEEEE7DestroyEv
FNA:22,0,_ZN7testing8internal11MatcherBaseIRKNSt7__cxx1112basic_stringIcSt11char_traitsIcESaIcEEEE7DestroyEv
FNA:22,0,_ZN7testing8internal11MatcherBaseIRKSt17basic_string_viewIcSt11char_traitsIcEEE7DestroyEv
FNA:22,0,_ZN7testing8internal11MatcherBaseISt17basic_string_viewIcSt11char_traitsIcEEE7DestroyEv
FNL:23,456,458
FNA:23,0,_ZN7testing8internal11MatcherBaseINSt7__cxx1112basic_stringIcSt11char_traitsIcESaIcEEEE11ValuePolicyINS0_9EqMatcherIS7_EELb0EE3GetERKS8_
FNA:23,0,_ZN7testing8internal11MatcherBaseIRKNSt7__cxx1112basic_stringIcSt11char_traitsIcESaIcEEEE11ValuePolicyINS0_9EqMatcherIS7_EELb0EE3GetERKSA_
FNA:23,0,_ZN7testing8internal11MatcherBaseIRKSt17basic_string_viewIcSt11char_traitsIcEEE11ValuePolicyINS0_9EqMatcherINSt7__cxx1112basic_stringIcS4_SaIcEEEEELb0EE3GetERKS8_
FNA:23,0,_ZN7testing8internal11MatcherBaseISt17basic_string_viewIcSt11char_traitsIcEEE11ValuePolicyINS0_9EqMatcherINSt7__cxx1112basic_stringIcS4_SaIcEEEEELb0EE3GetERKS6_
FNL:24,460,462
FNA:24,0,_ZN7testing8internal11MatcherBaseINSt7__cxx1112basic_stringIcSt11char_traitsIcESaIcEEEE11ValuePolicyINS0_9EqMatcherIS7_EELb0EE4InitISB_EEvRS8_OT_
FNA:24,0,_ZN7testing8internal11MatcherBaseIRKNSt7__cxx1112basic_stringIcSt11char_traitsIcESaIcEEEE11ValuePolicyINS0_9EqMatcherIS7_EELb0EE4InitISD_EEvRSA_OT_
FNA:24,0,_ZN7testing8internal11MatcherBaseIRKSt17basic_string_viewIcSt11char_traitsIcEEE11ValuePolicyINS0_9EqMatcherINSt7__cxx1112basic_stringIcS4_SaIcEEEEELb0EE4InitISF_EEvRS8_OT_
FNA:24,0,_ZN7testing8internal11MatcherBaseISt17basic_string_viewIcSt11char_traitsIcEEE11ValuePolicyINS0_9EqMatcherINSt7__cxx1112basic_stringIcS4_SaIcEEEEELb0EE4InitISD_EEvRS6_OT_
FNL:25,481,486
FNA:25,0,_ZN7testing8internal11MatcherBaseINSt7__cxx1112basic_stringIcSt11char_traitsIcESaIcEEEE4InitINS0_9EqMatcherIS7_EEEEvOT_
FNA:25,0,_ZN7testing8internal11MatcherBaseIRKNSt7__cxx1112basic_stringIcSt11char_traitsIcESaIcEEEE4InitINS0_9EqMatcherIS7_EEEEvOT_
FNA:25,0,_ZN7testing8internal11MatcherBaseIRKSt17basic_string_viewIcSt11char_traitsIcEEE4InitINS0_9EqMatcherINSt7__cxx1112basic_stringIcS4_SaIcEEEEEEEvOT_
FNA:25,0,_ZN7testing8internal11MatcherBaseISt17basic_string_viewIcSt11char_traitsIcEEE4InitINS0_9EqMatcherINSt7__cxx1112basic_stringIcS4_SaIcEEEEEEEvOT_
FNL:26,540,541
FNA:26,0,_ZN7testing7MatcherIRKNSt7__cxx1112basic_stringIcSt11char_traitsIcESaIcEEEEC2INS_8internal9EqMatcherIS6_EEvEEOT_
FNL:27,564,565
FNA:27,0,_ZN7testing7MatcherINSt7__cxx1112basic_stringIcSt11char_traitsIcESaIcEEEEC2INS_8internal9EqMatcherIS6_EEvEEOT_
FNL:28,590,592
FNA:28,0,_ZN7testing7MatcherIRKSt17basic_string_viewIcSt11char_traitsIcEEEC2INS_8internal9EqMatcherINSt7__cxx1112basic_stringIcS3_SaIcEEEEEvEEOT_
FNL:29,618,619
FNA:29,0,_ZN7testing7MatcherISt17basic_string_viewIcSt11char_traitsIcEEEC2INS_8internal9EqMatcherINSt7__cxx1112basic_stringIcS3_SaIcEEEEEvEEOT_
FNL:30,730,730
FNA:30,0,_ZN7testing8internal14ComparisonBaseINS0_9EqMatcherINSt7__cxx1112basic_stringIcSt11char_traitsIcESaIcEEEEES8_NS0_5AnyEqEEC2ERKS8_
FNL:31,735,737
FNA:31,0,_ZNK7testing8internal14ComparisonBaseINS0_9EqMatcherINSt7__cxx1112basic_stringIcSt11char_traitsIcESaIcEEEEES8_NS0_5AnyEqEE15MatchAndExplainIS8_EEbRKT_PSo
FNA:31,0,_ZNK7testing8internal14ComparisonBaseINS0_9EqMatcherINSt7__cxx1112basic_stringIcSt11char_traitsIcESaIcEEEEES8_NS0_5AnyEqEE15MatchAndExplainISt17basic_string_viewIcS6_EEEbRKT_PSo
FNL:32,738,741
FNA:32,0,_ZNK7testing8internal14ComparisonBaseINS0_9EqMatcherINSt7__cxx1112basic_stringIcSt11char_traitsIcESaIcEEEEES8_NS0_5AnyEqEE10DescribeToEPSo
FNL:33,742,745
FNA:33,0,_ZNK7testing8internal14ComparisonBaseINS0_9EqMatcherINSt7__cxx1112basic_stringIcSt11char_traitsIcESaIcEEEEES8_NS0_5AnyEqEE18DescribeNegationToEPSo
FNL:34,749,751
FNA:34,0,_ZN7testing8internal14ComparisonBaseINS0_9EqMatcherINSt7__cxx1112basic_stringIcSt11char_traitsIcESaIcEEEEES8_NS0_5AnyEqEE6UnwrapIS8_EERKT_SF_
FNL:35,763,764
FNA:35,0,_ZN7testing8internal9EqMatcherINSt7__cxx1112basic_stringIcSt11char_traitsIcESaIcEEEEC2ERKS7_
FNL:36,765,765
FNA:36,0,_ZN7testing8internal9EqMatcherINSt7__cxx1112basic_stringIcSt11char_traitsIcESaIcEEEE4DescEv
FNL:37,766,766
FNA:37,0,_ZN7testing8internal9EqMatcherINSt7__cxx1112basic_stringIcSt11char_traitsIcESaIcEEEE11NegatedDescEv
FNL:38,82,82
FNA:38,0,_ZN7testing19MatchResultListenerC2EPSo
FNL:39,895,897
FNA:39,0,_ZN7testing2EqINSt7__cxx1112basic_stringIcSt11char_traitsIcESaIcEEEEENS_8internal9EqMatcherIT_EES9_
FNL:40,94,94
FNA:40,0,_ZN7testing19MatchResultListener6streamEv
FNF:41
FNH:0
DA:82,0
DA:94,0
DA:109,0
DA:115,0
DA:130,0
DA:131,0
DA:132,0
DA:133,0
DA:134,0
DA:183,0
DA:184,0
DA:221,0
DA:245,0
DA:251,0
DA:253,0
DA:254,0
DA:255,0
DA:268,0
DA:269,0
DA:270,0
DA:274,0
DA:275,0
DA:276,0
DA:277,0
DA:280,0
DA:281,0
DA:282,0
DA:283,0
DA:286,0
DA:287,0
DA:288,0
DA:289,0
DA:306,0
DA:317,0
DA:318,0
DA:319,0
DA:335,0
DA:336,0
DA:337,0
DA:338,0
DA:340,0
DA:341,0
DA:342,0
DA:343,0
DA:344,0
DA:345,0
DA:346,0
DA:349,0
DA:363,0
DA:364,0
DA:369,0
DA:372,0
DA:383,0
DA:385,0
DA:386,0
DA:388,0
DA:390,0
DA:393,0
DA:405,0
DA:409,0
DA:413,0
DA:425,0
DA:426,0
DA:427,0
DA:429,0
DA:456,0
DA:457,0
DA:460,0
DA:461,0
DA:462,0
DA:481,0
DA:484,0
DA:485,0
DA:486,0
DA:540,0
DA:541,0
DA:564,0
DA:565,0
DA:590,0
DA:591,0
DA:592,0
DA:618,0
DA:619,0
DA:730,0
DA:735,0
DA:736,0
DA:738,0
DA:739,0
DA:740,0
DA:741,0
DA:742,0
DA:743,0
DA:744,0
DA:745,0
DA:749,0
DA:750,0
DA:763,0
DA:764,0
DA:765,0
DA:766,0
DA:895,0
DA:896,0
LF:102
LH:0
end_of_record
TN:
SF:/home/s1ayer/lab1.2/build/_deps/googletest-src/googletest/include/gtest/gtest-message.h
FNL:0,103,105
FNA:0,0,_ZN7testing7MessageC2ERKS0_
FNL:1,114,132
FNA:1,0,_ZN7testing7MessagelsIA100_cEERS0_RKT_
FNA:1,0,_ZN7testing7MessagelsIA106_cEERS0_RKT_
FNA:1,0,_ZN7testing7MessagelsIA10_cEERS0_RKT_
FNA:1,0,_ZN7testing7MessagelsIA11_cEERS0_RKT_
FNA:1,0,_ZN7testing7MessagelsIA12_cEERS0_RKT_
FNA:1,0,_ZN7testing7MessagelsIA13_cEERS0_RKT_
FNA:1,0,_ZN7testing7MessagelsIA14_cEERS0_RKT_
FNA:1,0,_ZN7testing7MessagelsIA15_cEERS0_RKT_
FNA:1,0,_ZN7testing7MessagelsIA16_cEERS0_RKT_
FNA:1,0,_ZN7testing7MessagelsIA17_cEERS0_RKT_
FNA:1,0,_ZN7testing7MessagelsIA18_cEERS0_RKT_
FNA:1,0,_ZN7testing7MessagelsIA19_cEERS0_RKT_
FNA:1,0,_ZN7testing7MessagelsIA20_cEERS0_RKT_
FNA:1,0,_ZN7testing7MessagelsIA21_cEERS0_RKT_
FNA:1,0,_ZN7testing7MessagelsIA22_cEERS0_RKT_
FNA:1,0,_ZN7testing7MessagelsIA24_cEERS0_RKT_
FNA:1,0,_ZN7testing7MessagelsIA256_cEERS0_RKT_
FNA:1,0,_ZN7testing7MessagelsIA25_cEERS0_RKT_
FNA:1,0,_ZN7testing7MessagelsIA27_cEERS0_RKT_
FNA:1,0,_ZN7testing7MessagelsIA28_cEERS0_RKT_
FNA:1,0,_ZN7testing7MessagelsIA29_cEERS0_RKT_
FNA:1,0,_ZN7testing7MessagelsIA2_cEERS0_RKT_
FNA:1,0,_ZN7testing7MessagelsIA30_cEERS0_RKT_
FNA:1,0,_ZN7testing7MessagelsIA32_cEERS0_RKT_
FNA:1,0,_ZN7testing7MessagelsIA33_cEERS0_RKT_
FNA:1,0,_ZN7testing7MessagelsIA35_cEERS0_RKT_
FNA:1,0,_ZN7testing7MessagelsIA38_cEERS0_RKT_
FNA:1,0,_ZN7testing7MessagelsIA39_cEERS0_RKT_
FNA:1,0,_ZN7testing7MessagelsIA3_cEERS0_RKT_
FNA:1,0,_ZN7testing7MessagelsIA40_cEERS0_RKT_
FNA:1,0,_ZN7testing7MessagelsIA41_cEERS0_RKT_
FNA:1,0,_ZN7testing7MessagelsIA47_cEERS0_RKT_
FNA:1,0,_ZN7testing7MessagelsIA48_cEERS0_RKT_
FNA:1,0,_ZN7testing7MessagelsIA4_cEERS0_RKT_
FNA:1,0,_ZN7testing7MessagelsIA50_cEERS0_RKT_
FNA:1,0,_ZN7testing7MessagelsIA51_cEERS0_RKT_
FNA:1,0,_ZN7testing7MessagelsIA52_cEERS0_RKT_
FNA:1,0,_ZN7testing7MessagelsIA53_cEERS0_RKT_
FNA:1,0,_ZN7testing7MessagelsIA5_cEERS0_RKT_
FNA:1,0,_ZN7testing7MessagelsIA60_cEERS0_RKT_
FNA:1,0,_ZN7testing7MessagelsIA61_cEERS0_RKT_
FNA:1,0,_ZN7testing7MessagelsIA62_cEERS0_RKT_
FNA:1,0,_ZN7testing7MessagelsIA63_cEERS0_RKT_
FNA:1,0,_ZN7testing7MessagelsIA65_cEERS0_RKT_
FNA:1,0,_ZN7testing7MessagelsIA68_cEERS0_RKT_
FNA:1,0,_ZN7testing7MessagelsIA6_cEERS0_RKT_
FNA:1,84,_ZN7testing7MessagelsIA7_cEERS0_RKT_
FNA:1,0,_ZN7testing7MessagelsIA8_cEERS0_RKT_
FNA:1,0,_ZN7testing7MessagelsIA95_cEERS0_RKT_
FNA:1,0,_ZN7testing7MessagelsIA9_cEERS0_RKT_
FNA:1,0,_ZN7testing7MessagelsINS_14TestPartResultEEERS0_RKT_
FNA:1,0,_ZN7testing7MessagelsINSt7__cxx1112basic_stringIcSt11char_traitsIcESaIcEEEEERS0_RKT_
FNA:1,0,_ZN7testing7MessagelsIS0_EERS0_RKT_
FNA:1,1656,_ZN7testing7MessagelsIcEERS0_RKT_
FNA:1,0,_ZN7testing7MessagelsIdEERS0_RKT_
FNA:1,75,_ZN7testing7MessagelsIiEERS0_RKT_
FNA:1,231,_ZN7testing7MessagelsIlEERS0_RKT_
FNA:1,0,_ZN7testing7MessagelsImEERS0_RKT_
FNL:2,148,155
FNA:2,84,_ZN7testing7MessagelsIKcEERS0_RKPT_
FNA:2,6,_ZN7testing7MessagelsIcEERS0_RKPT_
FNL:3,198,200
FNA:3,0,_ZN7testinglsERSoRKNS_7MessageE
FNL:4,209,211
FNA:4,6,_ZN7testing8internal18StreamableToStringIPcEENSt7__cxx1112basic_stringIcSt11char_traitsIcESaIcEEERKT_
FNA:4,0,_ZN7testing8internal18StreamableToStringIPwEENSt7__cxx1112basic_stringIcSt11char_traitsIcESaIcEEERKT_
FNA:4,75,_ZN7testing8internal18StreamableToStringIiEENSt7__cxx1112basic_stringIcSt11char_traitsIcESaIcEEERKT_
FNA:4,231,_ZN7testing8internal18StreamableToStringIlEENSt7__cxx1112basic_stringIcSt11char_traitsIcESaIcEEERKT_
FNF:5
FNH:3
DA:103,0
DA:104,0
DA:105,0
DA:114,2046
DA:130,2046
DA:131,2046
DA:148,90
DA:149,90
DA:150,0
DA:152,90
DA:154,90
DA:198,0
DA:199,0
DA:209,312
DA:210,312
LF:15
LH:9
end_of_record
TN:
SF:/home/s1ayer/lab1.2/build/_deps/googletest-src/googletest/include/gtest/gtest-printers.h
FNL:0,1035,1039
FNA:0,0,_ZN7testing13PrintToStringIDnEENSt7__cxx1112basic_stringIcSt11char_traitsIcESaIcEEERKT_
FNA:0,0,_ZN7testing13PrintToStringINSt7__cxx1112basic_stringIcSt11char_traitsIcESaIcEEEEES6_RKT_
FNA:0,0,_ZN7testing13PrintToStringIP4TreeEENSt7__cxx1112basic_stringIcSt11char_traitsIcESaIcEEERKT_
FNA:0,0,_ZN7testing13PrintToStringIP5ArrayEENSt7__cxx1112basic_stringIcSt11char_traitsIcESaIcEEERKT_
FNA:0,0,_ZN7testing13PrintToStringIP5EntryEENSt7__cxx1112basic_stringIcSt11char_traitsIcESaIcEEERKT_
FNA:0,0,_ZN7testing13PrintToStringIP8TreeNodeEENSt7__cxx1112basic_stringIcSt11char_traitsIcESaIcEEERKT_
FNA:0,0,_ZN7testing13PrintToStringIP9StackNodeEENSt7__cxx1112basic_stringIcSt11char_traitsIcESaIcEEERKT_
FNA:0,0,_ZN7testing13PrintToStringIPKcEENSt7__cxx1112basic_stringIcSt11char_traitsIcESaIcEEERKT_
FNA:0,0,_ZN7testing13PrintToStringIPKwEENSt7__cxx1112basic_stringIcSt11char_traitsIcESaIcEEERKT_
FNA:0,0,_ZN7testing13PrintToStringIiEENSt7__cxx1112basic_stringIcSt11char_traitsIcESaIcEEERKT_
FNL:1,182,191
FNA:1,0,_ZN7testing8internal14PointerPrinter10PrintValueI4TreeEEvPT_PSo
FNA:1,0,_ZN7testing8internal14PointerPrinter10PrintValueI5ArrayEEvPT_PSo
FNA:1,0,_ZN7testing8internal14PointerPrinter10PrintValueI5EntryEEvPT_PSo
FNA:1,0,_ZN7testing8internal14PointerPrinter10PrintValueI8TreeNodeEEvPT_PSo
FNA:1,0,_ZN7testing8internal14PointerPrinter10PrintValueI9StackNodeEEvPT_PSo
FNL:2,213,217
FNA:2,0,_ZN7testing8internal52internal_stream_operator_without_lexical_name_lookup13StreamPrinter10PrintValueIivRSoEEvRKT_PSo
FNL:3,305,312
FNA:3,0,_ZN7testing8internal17PrintWithFallbackIP4TreeEEvRKT_PSo
FNA:3,0,_ZN7testing8internal17PrintWithFallbackIP5ArrayEEvRKT_PSo
FNA:3,0,_ZN7testing8internal17PrintWithFallbackIP5EntryEEvRKT_PSo
FNA:3,0,_ZN7testing8internal17PrintWithFallbackIP8TreeNodeEEvRKT_PSo
FNA:3,0,_ZN7testing8internal17PrintWithFallbackIP9StackNodeEEvRKT_PSo
FNA:3,0,_ZN7testing8internal17PrintWithFallbackIiEEvRKT_PSo
FNL:4,332,334
FNA:4,0,_ZN7testing8internal19FormatForComparisonIDnP4TreeE6FormatB5cxx11ERKDn
FNA:4,0,_ZN7testing8internal19FormatForComparisonIDnP5ArrayE6FormatB5cxx11ERKDn
FNA:4,0,_ZN7testing8internal19FormatForComparisonIDnP5EntryE6FormatB5cxx11ERKDn
FNA:4,0,_ZN7testing8internal19FormatForComparisonIDnP8TreeNodeE6FormatB5cxx11ERKDn
FNA:4,0,_ZN7testing8internal19FormatForComparisonIDnP9StackNodeE6FormatB5cxx11ERKDn
FNA:4,0,_ZN7testing8internal19FormatForComparisonINSt7__cxx1112basic_stringIcSt11char_traitsIcESaIcEEEA10_cE6FormatERKS7_
FNA:4,0,_ZN7testing8internal19FormatForComparisonINSt7__cxx1112basic_stringIcSt11char_traitsIcESaIcEEEA11_cE6FormatERKS7_
FNA:4,0,_ZN7testing8internal19FormatForComparisonINSt7__cxx1112basic_stringIcSt11char_traitsIcESaIcEEEA12_cE6FormatERKS7_
FNA:4,0,_ZN7testing8internal19FormatForComparisonINSt7__cxx1112basic_stringIcSt11char_traitsIcESaIcEEEA1_cE6FormatERKS7_
FNA:4,0,_ZN7testing8internal19FormatForComparisonINSt7__cxx1112basic_stringIcSt11char_traitsIcESaIcEEEA2_cE6FormatERKS7_
FNA:4,0,_ZN7testing8internal19FormatForComparisonINSt7__cxx1112basic_stringIcSt11char_traitsIcESaIcEEEA3_cE6FormatERKS7_
FNA:4,0,_ZN7testing8internal19FormatForComparisonINSt7__cxx1112basic_stringIcSt11char_traitsIcESaIcEEEA4_cE6FormatERKS7_
FNA:4,0,_ZN7testing8internal19FormatForComparisonINSt7__cxx1112basic_stringIcSt11char_traitsIcESaIcEEEA6_cE6FormatERKS7_
FNA:4,0,_ZN7testing8internal19FormatForComparisonINSt7__cxx1112basic_stringIcSt11char_traitsIcESaIcEEEA8_cE6FormatERKS7_
FNA:4,0,_ZN7testing8internal19FormatForComparisonIP4TreeDnE6FormatB5cxx11ERKS3_
FNA:4,0,_ZN7testing8internal19FormatForComparisonIP5ArrayDnE6FormatB5cxx11ERKS3_
FNA:4,0,_ZN7testing8internal19FormatForComparisonIP5EntryDnE6FormatB5cxx11ERKS3_
FNA:4,0,_ZN7testing8internal19FormatForComparisonIP8TreeNodeDnE6FormatB5cxx11ERKS3_
FNA:4,0,_ZN7testing8internal19FormatForComparisonIP9StackNodeDnE6FormatB5cxx11ERKS3_
FNA:4,0,_ZN7testing8internal19FormatForComparisonIiiE6FormatB5cxx11ERKi
FNL:5,341,343
FNA:5,0,_ZN7testing8internal19FormatForComparisonIA10_cNSt7__cxx1112basic_stringIcSt11char_traitsIcESaIcEEEE6FormatEPKc
FNA:5,0,_ZN7testing8internal19FormatForComparisonIA11_cNSt7__cxx1112basic_stringIcSt11char_traitsIcESaIcEEEE6FormatEPKc
FNA:5,0,_ZN7testing8internal19FormatForComparisonIA12_cNSt7__cxx1112basic_stringIcSt11char_traitsIcESaIcEEEE6FormatEPKc
FNA:5,0,_ZN7testing8internal19FormatForComparisonIA1_cNSt7__cxx1112basic_stringIcSt11char_traitsIcESaIcEEEE6FormatEPKc
FNA:5,0,_ZN7testing8internal19FormatForComparisonIA2_cNSt7__cxx1112basic_stringIcSt11char_traitsIcESaIcEEEE6FormatEPKc
FNA:5,0,_ZN7testing8internal19FormatForComparisonIA3_cNSt7__cxx1112basic_stringIcSt11char_traitsIcESaIcEEEE6FormatEPKc
FNA:5,0,_ZN7testing8internal19FormatForComparisonIA4_cNSt7__cxx1112basic_stringIcSt11char_traitsIcESaIcEEEE6FormatEPKc
FNA:5,0,_ZN7testing8internal19FormatForComparisonIA6_cNSt7__cxx1112basic_stringIcSt11char_traitsIcESaIcEEEE6FormatEPKc
FNA:5,0,_ZN7testing8internal19FormatForComparisonIA8_cNSt7__cxx1112basic_stringIcSt11char_traitsIcESaIcEEEE6FormatEPKc
FNL:6,386,386
FNA:6,0,_ZN7testing8internal19FormatForComparisonIPKcNSt7__cxx1112basic_stringIcSt11char_traitsIcESaIcEEEE6FormatES3_
FNL:7,412,415
FNA:7,0,_ZN7testing8internal33FormatForComparisonFailureMessageIA10_cNSt7__cxx1112basic_stringIcSt11char_traitsIcESaIcEEEEES8_RKT_RKT0_
FNA:7,0,_ZN7testing8internal33FormatForComparisonFailureMessageIA11_cNSt7__cxx1112basic_stringIcSt11char_traitsIcESaIcEEEEES8_RKT_RKT0_
FNA:7,0,_ZN7testing8internal33FormatForComparisonFailureMessageIA12_cNSt7__cxx1112basic_stringIcSt11char_traitsIcESaIcEEEEES8_RKT_RKT0_
FNA:7,0,_ZN7testing8internal33FormatForComparisonFailureMessageIA1_cNSt7__cxx1112basic_stringIcSt11char_traitsIcESaIcEEEEES8_RKT_RKT0_
FNA:7,0,_ZN7testing8internal33FormatForComparisonFailureMessageIA2_cNSt7__cxx1112basic_stringIcSt11char_traitsIcESaIcEEEEES8_RKT_RKT0_
FNA:7,0,_ZN7testing8internal33FormatForComparisonFailureMessageIA3_cNSt7__cxx1112basic_stringIcSt11char_traitsIcESaIcEEEEES8_RKT_RKT0_
FNA:7,0,_ZN7testing8internal33FormatForComparisonFailureMessageIA4_cNSt7__cxx1112basic_stringIcSt11char_traitsIcESaIcEEEEES8_RKT_RKT0_
FNA:7,0,_ZN7testing8internal33FormatForComparisonFailureMessageIA6_cNSt7__cxx1112basic_stringIcSt11char_traitsIcESaIcEEEEES8_RKT_RKT0_
FNA:7,0,_ZN7testing8internal33FormatForComparisonFailureMessageIA8_cNSt7__cxx1112basic_stringIcSt11char_traitsIcESaIcEEEEES8_RKT_RKT0_
FNA:7,0,_ZN7testing8internal33FormatForComparisonFailureMessageIDnP4TreeEENSt7__cxx1112basic_stringIcSt11char_traitsIcESaIcEEERKT_RKT0_
FNA:7,0,_ZN7testing8internal33FormatForComparisonFailureMessageIDnP5ArrayEENSt7__cxx1112basic_stringIcSt11char_traitsIcESaIcEEERKT_RKT0_
FNA:7,0,_ZN7testing8internal33FormatForComparisonFailureMessageIDnP5EntryEENSt7__cxx1112basic_stringIcSt11char_traitsIcESaIcEEERKT_RKT0_
FNA:7,0,_ZN7testing8internal33FormatForComparisonFailureMessageIDnP8TreeNodeEENSt7__cxx1112basic_stringIcSt11char_traitsIcESaIcEEERKT_RKT0_
FNA:7,0,_ZN7testing8internal33FormatForComparisonFailureMessageIDnP9StackNodeEENSt7__cxx1112basic_stringIcSt11char_traitsIcESaIcEEERKT_RKT0_
FNA:7,0,_ZN7testing8internal33FormatForComparisonFailureMessageINSt7__cxx1112basic_stringIcSt11char_traitsIcESaIcEEEA10_cEES7_RKT_RKT0_
FNA:7,0,_ZN7testing8internal33FormatForComparisonFailureMessageINSt7__cxx1112basic_stringIcSt11char_traitsIcESaIcEEEA11_cEES7_RKT_RKT0_
FNA:7,0,_ZN7testing8internal33FormatForComparisonFailureMessageINSt7__cxx1112basic_stringIcSt11char_traitsIcESaIcEEEA12_cEES7_RKT_RKT0_
FNA:7,0,_ZN7testing8internal33FormatForComparisonFailureMessageINSt7__cxx1112basic_stringIcSt11char_traitsIcESaIcEEEA1_cEES7_RKT_RKT0_
FNA:7,0,_ZN7testing8internal33FormatForComparisonFailureMessageINSt7__cxx1112basic_stringIcSt11char_traitsIcESaIcEEEA2_cEES7_RKT_RKT0_
FNA:7,0,_ZN7testing8internal33FormatForComparisonFailureMessageINSt7__cxx1112basic_stringIcSt11char_traitsIcESaIcEEEA3_cEES7_RKT_RKT0_
FNA:7,0,_ZN7testing8internal33FormatForComparisonFailureMessageINSt7__cxx1112basic_stringIcSt11char_traitsIcESaIcEEEA4_cEES7_RKT_RKT0_
FNA:7,0,_ZN7testing8internal33FormatForComparisonFailureMessageINSt7__cxx1112basic_stringIcSt11char_traitsIcESaIcEEEA6_cEES7_RKT_RKT0_
FNA:7,0,_ZN7testing8internal33FormatForComparisonFailureMessageINSt7__cxx1112basic_stringIcSt11char_traitsIcESaIcEEEA8_cEES7_RKT_RKT0_
FNA:7,0,_ZN7testing8internal33FormatForComparisonFailureMessageIP4TreeDnEENSt7__cxx1112basic_stringIcSt11char_traitsIcESaIcEEERKT_RKT0_
FNA:7,0,_ZN7testing8internal33FormatForComparisonFailureMessageIP5ArrayDnEENSt7__cxx1112basic_stringIcSt11char_traitsIcESaIcEEERKT_RKT0_
FNA:7,0,_ZN7testing8internal33FormatForComparisonFailureMessageIP5EntryDnEENSt7__cxx1112basic_stringIcSt11char_traitsIcESaIcEEERKT_RKT0_
FNA:7,0,_ZN7testing8internal33FormatForComparisonFailureMessageIP8TreeNodeDnEENSt7__cxx1112basic_stringIcSt11char_traitsIcESaIcEEERKT_RKT0_
FNA:7,0,_ZN7testing8internal33FormatForComparisonFailureMessageIP9StackNodeDnEENSt7__cxx1112basic_stringIcSt11char_traitsIcESaIcEEERKT_RKT0_
FNA:7,0,_ZN7testing8internal33FormatForComparisonFailureMessageIiiEENSt7__cxx1112basic_stringIcSt11char_traitsIcESaIcEEERKT_RKT0_
FNL:8,439,441
FNA:8,0,_ZN7testing8internal7PrintToIP4TreeEEvRKT_PSo
FNA:8,0,_ZN7testing8internal7PrintToIP5ArrayEEvRKT_PSo
FNA:8,0,_ZN7testing8internal7PrintToIP5EntryEEvRKT_PSo
FNA:8,0,_ZN7testing8internal7PrintToIP8TreeNodeEEvRKT_PSo
FNA:8,0,_ZN7testing8internal7PrintToIP9StackNodeEEvRKT_PSo
FNA:8,0,_ZN7testing8internal7PrintToIiEEvRKT_PSo
FNL:9,554,556
FNA:9,0,_ZN7testing8internal7PrintToERKNSt7__cxx1112basic_stringIcSt11char_traitsIcESaIcEEEPSo
FNL:10,581,583
FNA:10,0,_ZN7testing8internal7PrintToERKNSt7__cxx1112basic_stringIwSt11char_traitsIwESaIwEEEPSo
FNL:11,593,593
FNA:11,0,_ZN7testing8internal7PrintToEDnPSo
FNL:12,693,703
FNA:12,0,_ZN7testing8internal16UniversalPrinterIDnE5PrintERKDnPSo
FNA:12,0,_ZN7testing8internal16UniversalPrinterINSt7__cxx1112basic_stringIcSt11char_traitsIcESaIcEEEE5PrintERKS7_PSo
FNA:12,0,_ZN7testing8internal16UniversalPrinterINSt7__cxx1112basic_stringIwSt11char_traitsIwESaIwEEEE5PrintERKS7_PSo
FNA:12,0,_ZN7testing8internal16UniversalPrinterIP4TreeE5PrintERKS3_PSo
FNA:12,0,_ZN7testing8internal16UniversalPrinterIP5ArrayE5PrintERKS3_PSo
FNA:12,0,_ZN7testing8internal16UniversalPrinterIP5EntryE5PrintERKS3_PSo
FNA:12,0,_ZN7testing8internal16UniversalPrinterIP8TreeNodeE5PrintERKS3_PSo
FNA:12,0,_ZN7testing8internal16UniversalPrinterIP9StackNodeE5PrintERKS3_PSo
FNA:12,0,_ZN7testing8internal16UniversalPrinterIiE5PrintERKiPSo
FNL:13,883,885
FNA:13,0,_ZN7testing8internal21UniversalTersePrinterIDnE5PrintERKDnPSo
FNA:13,0,_ZN7testing8internal21UniversalTersePrinterINSt7__cxx1112basic_stringIcSt11char_traitsIcESaIcEEEE5PrintERKS7_PSo
FNA:13,0,_ZN7testing8internal21UniversalTersePrinterIP4TreeE5PrintERKS3_PSo
FNA:13,0,_ZN7testing8internal21UniversalTersePrinterIP5ArrayE5PrintERKS3_PSo
FNA:13,0,_ZN7testing8internal21UniversalTersePrinterIP5EntryE5PrintERKS3_PSo
FNA:13,0,_ZN7testing8internal21UniversalTersePrinterIP8TreeNodeE5PrintERKS3_PSo
FNA:13,0,_ZN7testing8internal21UniversalTersePrinterIP9StackNodeE5PrintERKS3_PSo
FNA:13,0,_ZN7testing8internal21UniversalTersePrinterIiE5PrintERKiPSo
FNL:14,904,910
FNA:14,0,_ZN7testing8internal21UniversalTersePrinterIPKcE5PrintES3_PSo
FNL:15,967,973
FNA:15,0,_ZN7testing8internal21UniversalTersePrinterIPKwE5PrintES3_PSo
FNL:16,995,1000
FNA:16,0,_ZN7testing8internal14UniversalPrintIDnEEvRKT_PSo
FNA:16,0,_ZN7testing8internal14UniversalPrintINSt7__cxx1112basic_stringIcSt11char_traitsIcESaIcEEEEEvRKT_PSo
FNA:16,0,_ZN7testing8internal14UniversalPrintINSt7__cxx1112basic_stringIwSt11char_traitsIwESaIwEEEEEvRKT_PSo
FNA:16,0,_ZN7testing8internal14UniversalPrintIP4TreeEEvRKT_PSo
FNA:16,0,_ZN7testing8internal14UniversalPrintIP5ArrayEEvRKT_PSo
FNA:16,0,_ZN7testing8internal14UniversalPrintIP5EntryEEvRKT_PSo
FNA:16,0,_ZN7testing8internal14UniversalPrintIP8TreeNodeEEvRKT_PSo
FNA:16,0,_ZN7testing8internal14UniversalPrintIP9StackNodeEEvRKT_PSo
FNA:16,0,_ZN7testing8internal14UniversalPrintIiEEvRKT_PSo
FNF:17
FNH:0
DA:182,0
DA:183,0
DA:184,0
DA:189,0
DA:191,0
DA:213,0
DA:216,0
DA:217,0
DA:305,0
DA:311,0
DA:312,0
DA:332,0
DA:333,0
DA:341,0
DA:342,0
DA:386,0
DA:412,0
DA:414,0
DA:439,0
DA:440,0
DA:441,0
DA:554,0
DA:555,0
DA:556,0
DA:581,0
DA:582,0
DA:583,0
DA:593,0
DA:693,0
DA:702,0
DA:703,0
DA:883,0
DA:884,0
DA:885,0
DA:904,0
DA:905,0
DA:906,0
DA:908,0
DA:910,0
DA:967,0
DA:968,0
DA:969,0
DA:971,0
DA:973,0
DA:995,0
DA:999,0
DA:1000,0
DA:1035,0
DA:1036,0
DA:1037,0
DA:1038,0
DA:1039,0
LF:52
LH:0
end_of_record
TN:
SF:/home/s1ayer/lab1.2/build/_deps/googletest-src/googletest/include/gtest/gtest-test-part.h
FNL:0,100,100
FNA:0,0,_ZNK7testing14TestPartResult17nonfatally_failedEv
FNL:1,103,103
FNA:1,0,_ZNK7testing14TestPartResult14fatally_failedEv
FNL:2,106,106
FNA:2,0,_ZNK7testing14TestPartResult6failedEv
FNL:3,155,155
FNA:3,0,_ZN7testing31TestPartResultReporterInterfaceD0Ev
FNA:3,8,_ZN7testing31TestPartResultReporterInterfaceD2Ev
FNL:4,66,72
FNA:4,0,_ZN7testing14TestPartResultC2ENS0_4TypeEPKciS3_
FNL:5,75,75
FNA:5,0,_ZNK7testing14TestPartResult4typeEv
FNL:6,79,81
FNA:6,0,_ZNK7testing14TestPartResult9file_nameEv
FNL:7,85,85
FNA:7,0,_ZNK7testing14TestPartResult11line_numberEv
FNL:8,88,88
FNA:8,0,_ZNK7testing14TestPartResult7summaryEv
FNL:9,91,91
FNA:9,0,_ZNK7testing14TestPartResult7messageEv
FNL:10,94,94
FNA:10,0,_ZNK7testing14TestPartResult7skippedEv
FNF:11
FNH:1
DA:66,0
DA:68,0
DA:69,0
DA:70,0
DA:71,0
DA:72,0
DA:75,0
DA:79,0
DA:80,0
DA:85,0
DA:88,0
DA:91,0
DA:94,0
DA:100,0
DA:103,0
DA:106,0
DA:155,8
LF:17
LH:1
end_of_record
TN:
SF:/home/s1ayer/lab1.2/build/_deps/googletest-src/googletest/include/gtest/gtest.h
FNL:0,1001,1001
FNA:0,0,_ZN7testing22EmptyTestEventListener16OnTestProgramEndERKNS_8UnitTestE
FNL:1,1246,1246
FNA:1,2984,_ZN7testing8UnitTest4implEv
FNL:2,1247,1247
FNA:2,27,_ZNK7testing8UnitTest4implEv
FNL:3,1338,1344
FNA:3,0,_ZN7testing8internal18CmpHelperEQFailureINSt7__cxx1112basic_stringIcSt11char_traitsIcESaIcEEEA10_cEENS_15AssertionResultEPKcSB_RKT_RKT0_
FNA:3,0,_ZN7testing8internal18CmpHelperEQFailureINSt7__cxx1112basic_stringIcSt11char_traitsIcESaIcEEEA11_cEENS_15AssertionResultEPKcSB_RKT_RKT0_
FNA:3,0,_ZN7testing8internal18CmpHelperEQFailureINSt7__cxx1112basic_stringIcSt11char_traitsIcESaIcEEEA12_cEENS_15AssertionResultEPKcSB_RKT_RKT0_
FNA:3,0,_ZN7testing8internal18CmpHelperEQFailureINSt7__cxx1112basic_stringIcSt11char_traitsIcESaIcEEEA1_cEENS_15AssertionResultEPKcSB_RKT_RKT0_
FNA:3,0,_ZN7testing8internal18CmpHelperEQFailureINSt7__cxx1112basic_stringIcSt11char_traitsIcESaIcEEEA2_cEENS_15AssertionResultEPKcSB_RKT_RKT0_
FNA:3,0,_ZN7testing8internal18CmpHelperEQFailureINSt7__cxx1112basic_stringIcSt11char_traitsIcESaIcEEEA3_cEENS_15AssertionResultEPKcSB_RKT_RKT0_
FNA:3,0,_ZN7testing8internal18CmpHelperEQFailureINSt7__cxx1112basic_stringIcSt11char_traitsIcESaIcEEEA4_cEENS_15AssertionResultEPKcSB_RKT_RKT0_
FNA:3,0,_ZN7testing8internal18CmpHelperEQFailureINSt7__cxx1112basic_stringIcSt11char_traitsIcESaIcEEEA6_cEENS_15AssertionResultEPKcSB_RKT_RKT0_
FNA:3,0,_ZN7testing8internal18CmpHelperEQFailureINSt7__cxx1112basic_stringIcSt11char_traitsIcESaIcEEEA8_cEENS_15AssertionResultEPKcSB_RKT_RKT0_
FNA:3,0,_ZN7testing8internal18CmpHelperEQFailureIP5EntryDnEENS_15AssertionResultEPKcS6_RKT_RKT0_
FNA:3,0,_ZN7testing8internal18CmpHelperEQFailureIP8TreeNodeDnEENS_15AssertionResultEPKcS6_RKT_RKT0_
FNA:3,0,_ZN7testing8internal18CmpHelperEQFailureIP9StackNodeDnEENS_15AssertionResultEPKcS6_RKT_RKT0_
FNA:3,0,_ZN7testing8internal18CmpHelperEQFailureIiiEENS_15AssertionResultEPKcS4_RKT_RKT0_
FNL:4,1355,1363
FNA:4,3,_ZN7testing8internal11CmpHelperEQINSt7__cxx1112basic_stringIcSt11char_traitsIcESaIcEEEA10_cEENS_15AssertionResultEPKcSB_RKT_RKT0_
FNA:4,3,_ZN7testing8internal11CmpHelperEQINSt7__cxx1112basic_stringIcSt11char_traitsIcESaIcEEEA11_cEENS_15AssertionResultEPKcSB_RKT_RKT0_
FNA:4,3,_ZN7testing8internal11CmpHelperEQINSt7__cxx1112basic_stringIcSt11char_traitsIcESaIcEEEA12_cEENS_15AssertionResultEPKcSB_RKT_RKT0_
FNA:4,6,_ZN7testing8internal11CmpHelperEQINSt7__cxx1112basic_stringIcSt11char_traitsIcESaIcEEEA1_cEENS_15AssertionResultEPKcSB_RKT_RKT0_
FNA:4,30,_ZN7testing8internal11CmpHelperEQINSt7__cxx1112basic_stringIcSt11char_traitsIcESaIcEEEA2_cEENS_15AssertionResultEPKcSB_RKT_RKT0_
FNA:4,3,_ZN7testing8internal11CmpHelperEQINSt7__cxx1112basic_stringIcSt11char_traitsIcESaIcEEEA3_cEENS_15AssertionResultEPKcSB_RKT_RKT0_
FNA:4,18,_ZN7testing8internal11CmpHelperEQINSt7__cxx1112basic_stringIcSt11char_traitsIcESaIcEEEA4_cEENS_15AssertionResultEPKcSB_RKT_RKT0_
FNA:4,24,_ZN7testing8internal11CmpHelperEQINSt7__cxx1112basic_stringIcSt11char_traitsIcESaIcEEEA6_cEENS_15AssertionResultEPKcSB_RKT_RKT0_
FNA:4,6,_ZN7testing8internal11CmpHelperEQINSt7__cxx1112basic_stringIcSt11char_traitsIcESaIcEEEA8_cEENS_15AssertionResultEPKcSB_RKT_RKT0_
FNA:4,6,_ZN7testing8internal11CmpHelperEQIP5EntryDnEENS_15AssertionResultEPKcS6_RKT_RKT0_
FNA:4,3,_ZN7testing8internal11CmpHelperEQIP8TreeNodeDnEENS_15AssertionResultEPKcS6_RKT_RKT0_
FNA:4,9,_ZN7testing8internal11CmpHelperEQIP9StackNodeDnEENS_15AssertionResultEPKcS6_RKT_RKT0_
FNA:4,51,_ZN7testing8internal11CmpHelperEQIiiEENS_15AssertionResultEPKcS4_RKT_RKT0_
FNL:5,1374,1378
FNA:5,3,_ZN7testing8internal8EqHelper7CompareINSt7__cxx1112basic_stringIcSt11char_traitsIcESaIcEEEA10_cLPv0EEENS_15AssertionResultEPKcSD_RKT_RKT0_
FNA:5,3,_ZN7testing8internal8EqHelper7CompareINSt7__cxx1112basic_stringIcSt11char_traitsIcESaIcEEEA11_cLPv0EEENS_15AssertionResultEPKcSD_RKT_RKT0_
FNA:5,3,_ZN7testing8internal8EqHelper7CompareINSt7__cxx1112basic_stringIcSt11char_traitsIcESaIcEEEA12_cLPv0EEENS_15AssertionResultEPKcSD_RKT_RKT0_
FNA:5,6,_ZN7testing8internal8EqHelper7CompareINSt7__cxx1112basic_stringIcSt11char_traitsIcESaIcEEEA1_cLPv0EEENS_15AssertionResultEPKcSD_RKT_RKT0_
FNA:5,30,_ZN7testing8internal8EqHelper7CompareINSt7__cxx1112basic_stringIcSt11char_traitsIcESaIcEEEA2_cLPv0EEENS_15AssertionResultEPKcSD_RKT_RKT0_
FNA:5,3,_ZN7testing8internal8EqHelper7CompareINSt7__cxx1112basic_stringIcSt11char_traitsIcESaIcEEEA3_cLPv0EEENS_15AssertionResultEPKcSD_RKT_RKT0_
FNA:5,18,_ZN7testing8internal8EqHelper7CompareINSt7__cxx1112basic_stringIcSt11char_traitsIcESaIcEEEA4_cLPv0EEENS_15AssertionResultEPKcSD_RKT_RKT0_
FNA:5,24,_ZN7testing8internal8EqHelper7CompareINSt7__cxx1112basic_stringIcSt11char_traitsIcESaIcEEEA6_cLPv0EEENS_15AssertionResultEPKcSD_RKT_RKT0_
FNA:5,6,_ZN7testing8internal8EqHelper7CompareINSt7__cxx1112basic_stringIcSt11char_traitsIcESaIcEEEA8_cLPv0EEENS_15AssertionResultEPKcSD_RKT_RKT0_
FNA:5,6,_ZN7testing8internal8EqHelper7CompareIP5EntryDnLPv0EEENS_15AssertionResultEPKcS8_RKT_RKT0_
FNA:5,3,_ZN7testing8internal8EqHelper7CompareIP8TreeNodeDnLPv0EEENS_15AssertionResultEPKcS8_RKT_RKT0_
FNA:5,9,_ZN7testing8internal8EqHelper7CompareIP9StackNodeDnLPv0EEENS_15AssertionResultEPKcS8_RKT_RKT0_
FNA:5,51,_ZN7testing8internal8EqHelper7CompareIiiLPv0EEENS_15AssertionResultEPKcS6_RKT_RKT0_
FNL:6,1407,1414
FNA:6,0,_ZN7testing8internal18CmpHelperOpFailureIP4TreeDnEENS_15AssertionResultEPKcS6_RKT_RKT0_S6_
FNA:6,0,_ZN7testing8internal18CmpHelperOpFailureIP5ArrayDnEENS_15AssertionResultEPKcS6_RKT_RKT0_S6_
FNA:6,0,_ZN7testing8internal18CmpHelperOpFailureIP5EntryDnEENS_15AssertionResultEPKcS6_RKT_RKT0_S6_
FNA:6,0,_ZN7testing8internal18CmpHelperOpFailureIP8TreeNodeDnEENS_15AssertionResultEPKcS6_RKT_RKT0_S6_
FNA:6,0,_ZN7testing8internal18CmpHelperOpFailureIP9StackNodeDnEENS_15AssertionResultEPKcS6_RKT_RKT0_S6_
FNL:7,1436,1436
FNA:7,3,_ZN7testing8internal11CmpHelperNEIP4TreeDnEENS_15AssertionResultEPKcS6_RKT_RKT0_
FNA:7,3,_ZN7testing8internal11CmpHelperNEIP5ArrayDnEENS_15AssertionResultEPKcS6_RKT_RKT0_
FNA:7,21,_ZN7testing8internal11CmpHelperNEIP5EntryDnEENS_15AssertionResultEPKcS6_RKT_RKT0_
FNA:7,3,_ZN7testing8internal11CmpHelperNEIP8TreeNodeDnEENS_15AssertionResultEPKcS6_RKT_RKT0_
FNA:7,6,_ZN7testing8internal11CmpHelperNEIP9StackNodeDnEENS_15AssertionResultEPKcS6_RKT_RKT0_
FNL:8,1596,1598
FNA:8,0,_ZN7testing8internal12AssertHelper16AssertHelperDataC2ENS_14TestPartResult4TypeEPKciS6_
FNL:9,2259,2279
FNA:9,0,_ZN7testing12RegisterTestIJEZNS_8internal23InsertSyntheticTestCaseERKNSt7__cxx1112basic_stringIcSt11char_traitsIcESaIcEEENS1_12CodeLocationEbEUlvE_EEPNS_8TestInfoEPKcSF_SF_SF_SF_iT0_
FNA:9,0,_ZN7testing12RegisterTestIJEZNS_8internal34TypeParameterizedTestSuiteRegistry22CheckForInstantiationsEvEUlvE_EEPNS_8TestInfoEPKcS7_S7_S7_S7_iT0_
FNL:10,2266,2266
FNA:10,0,_ZZN7testing12RegisterTestIJEZNS_8internal23InsertSyntheticTestCaseERKNSt7__cxx1112basic_stringIcSt11char_traitsIcESaIcEEENS1_12CodeLocationEbEUlvE_EEPNS_8TestInfoEPKcSF_SF_SF_SF_iT0_EN11FactoryImplC2ESB_
FNA:10,0,_ZZN7testing12RegisterTestIJEZNS_8internal34TypeParameterizedTestSuiteRegistry22CheckForInstantiationsEvEUlvE_EEPNS_8TestInfoEPKcS7_S7_S7_S7_iT0_EN11FactoryImplC2ES3_
FNL:11,2267,2267
FNA:11,0,_ZZN7testing12RegisterTestIJEZNS_8internal23InsertSyntheticTestCaseERKNSt7__cxx1112basic_stringIcSt11char_traitsIcESaIcEEENS1_12CodeLocationEbEUlvE_EEPNS_8TestInfoEPKcSF_SF_SF_SF_iT0_EN11FactoryImpl10CreateTestEv
FNA:11,0,_ZZN7testing12RegisterTestIJEZNS_8internal34TypeParameterizedTestSuiteRegistry22CheckForInstantiationsEvEUlvE_EEPNS_8TestInfoEPKcS7_S7_S7_S7_iT0_EN11FactoryImpl10CreateTestEv
FNL:12,2293,2293
FNA:12,4,_Z13RUN_ALL_TESTSv
FNL:13,244,244
FNA:13,0,_ZN7testing4Test14SetUpTestSuiteEv
FNL:14,252,252
FNA:14,0,_ZN7testing4Test17TearDownTestSuiteEv
FNL:15,257,257
FNA:15,0,_ZN7testing4Test16TearDownTestCaseEv
FNL:16,258,258
FNA:16,0,_ZN7testing4Test13SetUpTestCaseEv
FNL:17,318,318
FNA:17,198,_ZN7testing4Test11DeleteSelf_Ev
FNL:18,339,339
FNA:18,0,_ZN7testing4Test5SetupEv
FNL:19,357,358
FNA:19,0,_ZN7testing12TestPropertyC2ERKNSt7__cxx1112basic_stringIcSt11char_traitsIcESaIcEEES8_
FNL:20,361,361
FNA:20,0,_ZNK7testing12TestProperty3keyEv
FNL:21,364,364
FNA:21,0,_ZNK7testing12TestProperty5valueEv
FNL:22,367,367
FNA:22,0,_ZN7testing12TestProperty8SetValueERKNSt7__cxx1112basic_stringIcSt11char_traitsIcESaIcEEE
FNL:23,398,398
FNA:23,396,_ZNK7testing10TestResult6PassedEv
FNL:24,413,413
FNA:24,198,_ZNK7testing10TestResult12elapsed_timeEv
FNL:25,417,417
FNA:25,0,_ZNK7testing10TestResult15start_timestampEv
FNL:26,450,450
FNA:26,198,_ZN7testing10TestResult19set_start_timestampEl
FNL:27,453,453
FNA:27,198,_ZN7testing10TestResult16set_elapsed_timeEl
FNL:28,474,474
FNA:28,0,_ZNK7testing10TestResult16death_test_countEv
FNL:29,477,477
FNA:29,0,_ZN7testing10TestResult26increment_death_test_countEv
FNL:30,523,523
FNA:30,660,_ZNK7testing8TestInfo15test_suite_nameEv
FNL:31,531,531
FNA:31,1122,_ZNK7testing8TestInfo4nameEv
FNL:32,535,538
FNA:32,264,_ZNK7testing8TestInfo10type_paramEv
FNL:33,542,545
FNA:33,66,_ZNK7testing8TestInfo11value_paramEv
FNL:34,548,548
FNA:34,0,_ZNK7testing8TestInfo4fileEv
FNL:35,551,551
FNA:35,0,_ZNK7testing8TestInfo4lineEv
FNL:36,554,554
FNA:36,0,_ZNK7testing8TestInfo19is_in_another_shardEv
FNL:37,572,572
FNA:37,1584,_ZNK7testing8TestInfo10should_runEv
FNL:38,575,579
FNA:38,198,_ZNK7testing8TestInfo13is_reportableEv
FNL:39,582,582
FNA:39,1386,_ZNK7testing8TestInfo6resultEv
FNL:40,610,612
FNA:40,0,_ZN7testing8TestInfo26increment_death_test_countEv
FNL:41,621,623
FNA:41,198,_ZN7testing8TestInfo15ClearTestResultEPS0_
FNL:42,677,677
FNA:42,514,_ZNK7testing9TestSuite4nameEv
FNL:43,681,684
FNA:43,40,_ZNK7testing9TestSuite10type_paramEv
FNL:44,687,687
FNA:44,384,_ZNK7testing9TestSuite10should_runEv
FNL:45,714,714
FNA:45,0,_ZNK7testing9TestSuite6PassedEv
FNL:46,717,719
FNA:46,60,_ZNK7testing9TestSuite6FailedEv
FNL:47,722,722
FNA:47,30,_ZNK7testing9TestSuite12elapsed_timeEv
FNL:48,726,726
FNA:48,0,_ZNK7testing9TestSuite15start_timestampEv
FNL:49,734,734
FNA:49,90,_ZNK7testing9TestSuite18ad_hoc_test_resultEv
FNL:50,741,741
FNA:50,710,_ZN7testing9TestSuite14test_info_listEv
FNL:51,744,746
FNA:51,198,_ZNK7testing9TestSuite14test_info_listEv
FNL:52,753,753
FNA:52,304,_ZN7testing9TestSuite14set_should_runEb
FNL:53,763,765
FNA:53,30,_ZN7testing9TestSuite20ClearTestSuiteResultEPS0_
FNL:54,775,779
FNA:54,30,_ZN7testing9TestSuite17RunSetUpTestSuiteEv
FNL:55,783,787
FNA:55,30,_ZN7testing9TestSuite20RunTearDownTestSuiteEv
FNL:56,790,792
FNA:56,198,_ZN7testing9TestSuite10TestPassedEPKNS_8TestInfoE
FNL:57,795,797
FNA:57,198,_ZN7testing9TestSuite11TestSkippedEPKNS_8TestInfoE
FNL:58,800,802
FNA:58,396,_ZN7testing9TestSuite10TestFailedEPKNS_8TestInfoE
FNL:59,806,808
FNA:59,198,_ZN7testing9TestSuite22TestReportableDisabledEPKNS_8TestInfoE
FNL:60,811,813
FNA:60,0,_ZN7testing9TestSuite12TestDisabledEPKNS_8TestInfoE
FNL:61,816,818
FNA:61,0,_ZN7testing9TestSuite14TestReportableEPKNS_8TestInfoE
FNL:62,821,823
FNA:62,792,_ZN7testing9TestSuite13ShouldRunTestEPKNS_8TestInfoE
FNL:63,910,910
FNA:63,0,_ZN7testing17TestEventListenerD0Ev
FNA:63,8,_ZN7testing17TestEventListenerD2Ev
FNL:64,928,928
FNA:64,30,_ZN7testing17TestEventListener16OnTestSuiteStartERKNS_9TestSuiteE
FNL:65,932,932
FNA:65,0,_ZN7testing17TestEventListener15OnTestCaseStartERKNS_9TestSuiteE
FNL:66,939,939
FNA:66,0,_ZN7testing17TestEventListener14OnTestDisabledERKNS_8TestInfoE
FNL:67,950,950
FNA:67,30,_ZN7testing17TestEventListener14OnTestSuiteEndERKNS_9TestSuiteE
FNL:68,954,954
FNA:68,0,_ZN7testing17TestEventListener13OnTestCaseEndERKNS_9TestSuiteE
FNL:69,977,977
FNA:69,0,_ZN7testing22EmptyTestEventListener18OnTestProgramStartERKNS_8UnitTestE
FNL:70,978,979
FNA:70,0,_ZN7testing22EmptyTestEventListener20OnTestIterationStartERKNS_8UnitTestEi
FNL:71,980,980
FNA:71,0,_ZN7testing22EmptyTestEventListener24OnEnvironmentsSetUpStartERKNS_8UnitTestE
FNL:72,981,981
FNA:72,0,_ZN7testing22EmptyTestEventListener22OnEnvironmentsSetUpEndERKNS_8UnitTestE
FNL:73,982,982
FNA:73,0,_ZN7testing22EmptyTestEventListener16OnTestSuiteStartERKNS_9TestSuiteE
FNL:74,985,985
FNA:74,0,_ZN7testing22EmptyTestEventListener15OnTestCaseStartERKNS_9TestSuiteE
FNL:75,988,988
FNA:75,0,_ZN7testing22EmptyTestEventListener11OnTestStartERKNS_8TestInfoE
FNL:76,989,989
FNA:76,0,_ZN7testing22EmptyTestEventListener14OnTestDisabledERKNS_8TestInfoE
FNL:77,990,990
FNA:77,0,_ZN7testing22EmptyTestEventListener16OnTestPartResultERKNS_14TestPartResultE
FNL:78,991,991
FNA:78,0,_ZN7testing22EmptyTestEventListener9OnTestEndERKNS_8TestInfoE
FNL:79,992,992
FNA:79,0,_ZN7testing22EmptyTestEventListener14OnTestSuiteEndERKNS_9TestSuiteE
FNL:80,994,994
FNA:80,0,_ZN7testing22EmptyTestEventListener13OnTestCaseEndERKNS_9TestSuiteE
FNL:81,997,997
FNA:81,0,_ZN7testing22EmptyTestEventListener27OnEnvironmentsTearDownStartERKNS_8UnitTestE
FNL:82,998,998
FNA:82,0,_ZN7testing22EmptyTestEventListener25OnEnvironmentsTearDownEndERKNS_8UnitTestE
FNL:83,999,1000
FNA:83,0,_ZN7testing22EmptyTestEventListener18OnTestIterationEndERKNS_8UnitTestEi
FNF:84
FNH:39
DA:244,0
DA:252,0
DA:257,0
DA:258,0
DA:318,198
DA:339,0
DA:357,0
DA:358,0
DA:361,0
DA:364,0
DA:367,0
DA:398,396
DA:413,198
DA:417,0
DA:450,198
DA:453,198
DA:474,0
DA:477,0
DA:523,660
DA:531,1122
DA:535,264
DA:536,264
DA:537,264
DA:542,66
DA:543,66
DA:544,66
DA:548,0
DA:551,0
DA:554,0
DA:572,1584
DA:575,198
DA:578,198
DA:582,1386
DA:610,0
DA:611,0
DA:621,198
DA:622,198
DA:623,198
DA:677,514
DA:681,40
DA:682,40
DA:683,40
DA:687,384
DA:714,0
DA:717,60
DA:718,60
DA:722,30
DA:726,0
DA:734,90
DA:741,710
DA:744,198
DA:745,198
DA:753,304
DA:763,30
DA:764,30
DA:765,30
DA:775,30
DA:776,30
DA:777,0
DA:779,30
DA:783,30
DA:784,30
DA:785,0
DA:787,30
DA:790,198
DA:791,198
DA:795,198
DA:796,198
DA:800,396
DA:801,396
DA:806,198
DA:807,198
DA:811,0
DA:812,0
DA:816,0
DA:817,0
DA:821,792
DA:822,792
DA:910,8
DA:928,30
DA:932,0
DA:939,0
DA:950,30
DA:954,0
DA:977,0
DA:978,0
DA:979,0
DA:980,0
DA:981,0
DA:982,0
DA:985,0
DA:988,0
DA:989,0
DA:990,0
DA:991,0
DA:992,0
DA:994,0
DA:997,0
DA:998,0
DA:999,0
DA:1000,0
DA:1001,0
DA:1246,2984
DA:1247,27
DA:1338,0
DA:1342,0
DA:1343,0
DA:1355,165
DA:1358,165
DA:1359,165
DA:1362,0
DA:1374,165
DA:1377,165
DA:1407,0
DA:1410,0
DA:1411,0
DA:1412,0
DA:1413,0
DA:1436,36
DA:1596,0
DA:1598,0
DA:2259,0
DA:2266,0
DA:2267,0
DA:2273,0
DA:2275,0
DA:2278,0
DA:2293,4
LF:128
LH:64
end_of_record
TN:
SF:/home/s1ayer/lab1.2/build/_deps/googletest-src/googletest/include/gtest/internal/gtest-death-test-internal.h
FNL:0,155,155
FNA:0,0,_ZN7testing8internal16DeathTestFactoryD0Ev
FNA:0,4,_ZN7testing8internal16DeathTestFactoryD2Ev
FNL:1,273,275
FNA:1,0,_ZN7testing8internal24InternalRunDeathTestFlagC2ERKNSt7__cxx1112basic_stringIcSt11char_traitsIcESaIcEEEiii
FNL:2,277,279
FNA:2,0,_ZN7testing8internal24InternalRunDeathTestFlagD2Ev
FNL:3,281,281
FNA:3,0,_ZNK7testing8internal24InternalRunDeathTestFlag4fileB5cxx11Ev
FNL:4,282,282
FNA:4,0,_ZNK7testing8internal24InternalRunDeathTestFlag4lineEv
FNL:5,283,283
FNA:5,0,_ZNK7testing8internal24InternalRunDeathTestFlag5indexEv
FNL:6,284,284
FNA:6,0,_ZNK7testing8internal24InternalRunDeathTestFlag8write_fdEv
FNL:7,90,90
FNA:7,0,_ZN7testing8internal9DeathTestD0Ev
FNA:7,0,_ZN7testing8internal9DeathTestD2Ev
FNF:8
FNH:1
DA:90,0
DA:155,4
DA:273,0
DA:275,0
DA:277,0
DA:278,0
DA:279,0
DA:281,0
DA:282,0
DA:283,0
DA:284,0
LF:11
LH:1
end_of_record
TN:
SF:/home/s1ayer/lab1.2/build/_deps/googletest-src/googletest/include/gtest/internal/gtest-filepath.h
FNL:0,113,113
FNA:0,268,_ZNK7testing8internal8FilePath7IsEmptyEv
FNL:1,66,66
FNA:1,4,_ZN7testing8internal8FilePathC2Ev
FNL:2,67,67
FNA:2,0,_ZN7testing8internal8FilePathC2ERKS1_
FNL:3,69,71
FNA:3,4,_ZN7testing8internal8FilePathC2ERKNSt7__cxx1112basic_stringIcSt11char_traitsIcESaIcEEE
FNL:4,73,76
FNA:4,0,_ZN7testing8internal8FilePathaSERKS1_
FNL:5,78,78
FNA:5,4,_ZN7testing8internal8FilePath3SetERKS1_
FNL:6,80,80
FNA:6,0,_ZNK7testing8internal8FilePath6stringB5cxx11Ev
FNL:7,81,81
FNA:7,0,_ZNK7testing8internal8FilePath5c_strEv
FNF:8
FNH:4
DA:66,12
DA:67,0
DA:69,4
DA:70,4
DA:71,4
DA:73,0
DA:74,0
DA:75,0
DA:78,4
DA:80,0
DA:81,0
DA:113,268
LF:12
LH:6
end_of_record
TN:
SF:/home/s1ayer/lab1.2/build/_deps/googletest-src/googletest/include/gtest/internal/gtest-internal.h
FNL:0,292,292
FNA:0,0,_ZN7testing8internal13FloatingPointIdEC2ERKd
FNA:0,0,_ZN7testing8internal13FloatingPointIfEC2ERKf
FNL:1,317,317
FNA:1,0,_ZNK7testing8internal13FloatingPointIdE13exponent_bitsEv
FNA:1,0,_ZNK7testing8internal13FloatingPointIfE13exponent_bitsEv
FNL:2,320,320
FNA:2,0,_ZNK7testing8internal13FloatingPointIdE13fraction_bitsEv
FNA:2,0,_ZNK7testing8internal13FloatingPointIfE13fraction_bitsEv
FNL:3,326,330
FNA:3,0,_ZNK7testing8internal13FloatingPointIdE6is_nanEv
FNA:3,0,_ZNK7testing8internal13FloatingPointIfE6is_nanEv
FNL:4,338,345
FNA:4,0,_ZNK7testing8internal13FloatingPointIdE12AlmostEqualsERKS2_
FNA:4,0,_ZNK7testing8internal13FloatingPointIfE12AlmostEqualsERKS2_
FNL:5,369,377
FNA:5,0,_ZN7testing8internal13FloatingPointIdE24SignAndMagnitudeToBiasedERKm
FNA:5,0,_ZN7testing8internal13FloatingPointIfE24SignAndMagnitudeToBiasedERKj
FNL:6,381,386
FNA:6,0,_ZN7testing8internal13FloatingPointIdE38DistanceBetweenSignAndMagnitudeNumbersERKmS4_
FNA:6,0,_ZN7testing8internal13FloatingPointIfE38DistanceBetweenSignAndMagnitudeNumbersERKjS4_
FNL:7,431,437
FNA:7,28,_ZN7testing8internal9GetTypeIdI11StorageTestEEPKvv
FNA:7,28,_ZN7testing8internal9GetTypeIdI14DoublyListTestEEPKvv
FNA:7,28,_ZN7testing8internal9GetTypeIdI14SimpleHashTestEEPKvv
FNA:7,32,_ZN7testing8internal9GetTypeIdI15ForwardListTestEEPKvv
FNA:7,52,_ZN7testing8internal9GetTypeIdI18FullBinaryTreeTestEEPKvv
FNA:7,36,_ZN7testing8internal9GetTypeIdI9ArrayTestEEPKvv
FNA:7,16,_ZN7testing8internal9GetTypeIdI9QueueTestEEPKvv
FNA:7,20,_ZN7testing8internal9GetTypeIdI9StackTestEEPKvv
FNA:7,0,_ZN7testing8internal9GetTypeIdINS0_12_GLOBAL__N_111FailureTestEEEPKvv
FNA:7,28,_ZN7testing8internal9GetTypeIdINS_4TestEEEPKvv
FNL:8,450,450
FNA:8,0,_ZN7testing8internal15TestFactoryBaseD0Ev
FNA:8,264,_ZN7testing8internal15TestFactoryBaseD2Ev
FNL:9,457,457
FNA:9,264,_ZN7testing8internal15TestFactoryBaseC2Ev
FNL:10,469,469
FNA:10,3,_ZN7testing8internal15TestFactoryImplI19ArrayTest_Read_TestE10CreateTestEv
FNA:10,3,_ZN7testing8internal15TestFactoryImplI19QueueTest_Read_TestE10CreateTestEv
FNA:10,3,_ZN7testing8internal15TestFactoryImplI19StackTest_Read_TestE10CreateTestEv
FNA:10,3,_ZN7testing8internal15TestFactoryImplI21ArrayTest_Delete_TestE10CreateTestEv
FNA:10,3,_ZN7testing8internal15TestFactoryImplI22QueueTest_PushPop_TestE10CreateTestEv
FNA:10,3,_ZN7testing8internal15TestFactoryImplI22StackTest_IsEmpty_TestE10CreateTestEv
FNA:10,3,_ZN7testing8internal15TestFactoryImplI23StackTest_PopEmpty_TestE10CreateTestEv
FNA:10,3,_ZN7testing8internal15TestFactoryImplI26ArrayTest_CreateArray_TestE10CreateTestEv
FNA:10,3,_ZN7testing8internal15TestFactoryImplI26ArrayTest_DestroyNull_TestE10CreateTestEv
FNA:10,3,_ZN7testing8internal15TestFactoryImplI26ArrayTest_OutOfBounds_TestE10CreateTestEv
FNA:10,3,_ZN7testing8internal15TestFactoryImplI26StackTest_PushPopPeek_TestE10CreateTestEv
FNA:10,3,_ZN7testing8internal15TestFactoryImplI26StorageTest_FindEntry_TestE10CreateTestEv
FNA:10,3,_ZN7testing8internal15TestFactoryImplI27ArrayTest_InsertSetGet_TestE10CreateTestEv
FNA:10,3,_ZN7testing8internal15TestFactoryImplI27SimpleHashTest_GetKeys_TestE10CreateTestEv
FNA:10,3,_ZN7testing8internal15TestFactoryImplI28DoublyListTest_FindRead_TestE10CreateTestEv
FNA:10,3,_ZN7testing8internal15TestFactoryImplI28QueueTest_IsEmptyManual_TestE10CreateTestEv
FNA:10,3,_ZN7testing8internal15TestFactoryImplI28SlistExtraTest_PushNull_TestE10CreateTestEv
FNA:10,3,_ZN7testing8internal15TestFactoryImplI28StackExtraTest_PushNull_TestE10CreateTestEv
FNA:10,3,_ZN7testing8internal15TestFactoryImplI29ArrayTest_PushBackAndGet_TestE10CreateTestEv
FNA:10,3,_ZN7testing8internal15TestFactoryImplI29ForwardListTest_FindRead_TestE10CreateTestEv
FNA:10,3,_ZN7testing8internal15TestFactoryImplI29SimpleHashTest_DeleteKey_TestE10CreateTestEv
FNA:10,3,_ZN7testing8internal15TestFactoryImplI29SimpleHashTest_EdgeCases_TestE10CreateTestEv
FNA:10,3,_ZN7testing8internal15TestFactoryImplI30ArrayTest_GetSetNullArray_TestE10CreateTestEv
FNA:10,3,_ZN7testing8internal15TestFactoryImplI30ForwardListTest_EdgeCases_TestE10CreateTestEv
FNA:10,3,_ZN7testing8internal15TestFactoryImplI31QueueTest_BenchmarkPushPop_TestE10CreateTestEv
FNA:10,3,_ZN7testing8internal15TestFactoryImplI31SlistExtraTest_DestroyNull_TestE10CreateTestEv
FNA:10,3,_ZN7testing8internal15TestFactoryImplI31StackExtraTest_DestroyNull_TestE10CreateTestEv
FNA:10,3,_ZN7testing8internal15TestFactoryImplI31StackExtraTest_PopPeekNull_TestE10CreateTestEv
FNA:10,3,_ZN7testing8internal15TestFactoryImplI31StackTest_BenchmarkPushPop_TestE10CreateTestEv
FNA:10,3,_ZN7testing8internal15TestFactoryImplI32DoublyListTest_EmptyListOps_TestE10CreateTestEv
FNA:10,3,_ZN7testing8internal15TestFactoryImplI32DoublyListTest_PushHeadTail_TestE10CreateTestEv
FNA:10,3,_ZN7testing8internal15TestFactoryImplI32FullBinaryTreeTest_ReadTree_TestE10CreateTestEv
FNA:10,3,_ZN7testing8internal15TestFactoryImplI33ForwardListTest_EmptyListOps_TestE10CreateTestEv
FNA:10,3,_ZN7testing8internal15TestFactoryImplI33ForwardListTest_PushHeadTail_TestE10CreateTestEv
FNA:10,3,_ZN7testing8internal15TestFactoryImplI33StorageTest_SaveEmptyStorage_TestE10CreateTestEv
FNA:10,3,_ZN7testing8internal15TestFactoryImplI34FullBinaryTreeTest_CreateTree_TestE10CreateTestEv
FNA:10,3,_ZN7testing8internal15TestFactoryImplI34StorageTest_LoadMalformedFile_TestE10CreateTestEv
FNA:10,3,_ZN7testing8internal15TestFactoryImplI34StorageTest_SaveToInvalidFile_TestE10CreateTestEv
FNA:10,3,_ZN7testing8internal15TestFactoryImplI35SimpleHashTest_BenchmarkInsert_TestE10CreateTestEv
FNA:10,3,_ZN7testing8internal15TestFactoryImplI35SimpleHashTest_InsertAndSearch_TestE10CreateTestEv
FNA:10,3,_ZN7testing8internal15TestFactoryImplI36SimpleHashTest_SearchEmptyTable_TestE10CreateTestEv
FNA:10,3,_ZN7testing8internal15TestFactoryImplI36StorageTest_SaveAndLoadAllTypes_TestE10CreateTestEv
FNA:10,3,_ZN7testing8internal15TestFactoryImplI37DoublyListTest_DeleteBeforeAfter_TestE10CreateTestEv
FNA:10,3,_ZN7testing8internal15TestFactoryImplI37DoublyListTest_InsertBeforeAfter_TestE10CreateTestEv
FNA:10,3,_ZN7testing8internal15TestFactoryImplI37FullBinaryTreeTest_BenchmarkFind_TestE10CreateTestEv
FNA:10,3,_ZN7testing8internal15TestFactoryImplI37FullBinaryTreeTest_IsNotFullTree_TestE10CreateTestEv
FNA:10,3,_ZN7testing8internal15TestFactoryImplI37FullBinaryTreeTest_ReadEmptyTree_TestE10CreateTestEv
FNA:10,3,_ZN7testing8internal15TestFactoryImplI38ArrayTest_InsertDeleteOutOfBounds_TestE10CreateTestEv
FNA:10,3,_ZN7testing8internal15TestFactoryImplI38ForwardListTest_DeleteBeforeAfter_TestE10CreateTestEv
FNA:10,3,_ZN7testing8internal15TestFactoryImplI38ForwardListTest_InsertBeforeAfter_TestE10CreateTestEv
FNA:10,3,_ZN7testing8internal15TestFactoryImplI38SimpleHashTest_DuplicateKeyUpdate_TestE10CreateTestEv
FNA:10,3,_ZN7testing8internal15TestFactoryImplI38SlistExtraTest_DeleteFindPopEmpty_TestE10CreateTestEv
FNA:10,3,_ZN7testing8internal15TestFactoryImplI39DoublyListTest_BenchmarkInsertFind_TestE10CreateTestEv
FNA:10,3,_ZN7testing8internal15TestFactoryImplI39DoublyListTest_DeleteHeadTailValue_TestE10CreateTestEv
FNA:10,3,_ZN7testing8internal15TestFactoryImplI39FullBinaryTreeTest_BenchmarkInsert_TestE10CreateTestEv
FNA:10,3,_ZN7testing8internal15TestFactoryImplI39FullBinaryTreeTest_FindInEmptyTree_TestE10CreateTestEv
FNA:10,3,_ZN7testing8internal15TestFactoryImplI39FullBinaryTreeTest_IsFullEmptyTree_TestE10CreateTestEv
FNA:10,3,_ZN7testing8internal15TestFactoryImplI39StorageTest_CleanupStorageFunction_TestE10CreateTestEv
FNA:10,3,_ZN7testing8internal15TestFactoryImplI40ForwardListTest_BenchmarkInsertFind_TestE10CreateTestEv
FNA:10,3,_ZN7testing8internal15TestFactoryImplI40ForwardListTest_DeleteHeadTailValue_TestE10CreateTestEv
FNA:10,3,_ZN7testing8internal15TestFactoryImplI40StorageTest_LoadFromNonExistentFile_TestE10CreateTestEv
FNA:10,3,_ZN7testing8internal15TestFactoryImplI43FullBinaryTreeTest_InsertSingleElement_TestE10CreateTestEv
FNA:10,3,_ZN7testing8internal15TestFactoryImplI43FullBinaryTreeTest_IsFullThreeElements_TestE10CreateTestEv
FNA:10,3,_ZN7testing8internal15TestFactoryImplI44FullBinaryTreeTest_FindExistingElements_TestE10CreateTestEv
FNA:10,3,_ZN7testing8internal15TestFactoryImplI46FullBinaryTreeTest_InsertMultipleElements_TestE10CreateTestEv
FNA:10,3,_ZN7testing8internal15TestFactoryImplI47FullBinaryTreeTest_FindNonExistingElements_TestE10CreateTestEv
FNL:11,490,491
FNA:11,264,_ZN7testing8internal12CodeLocationC2ERKNSt7__cxx1112basic_stringIcSt11char_traitsIcESaIcEEEi
FNL:12,503,506
FNA:12,1056,_ZN7testing8internal19GetNotDefaultOrNullEPFvvES2_
FNL:13,518,537
FNA:13,28,_ZN7testing8internal16SuiteApiResolverI11StorageTestE19GetSetUpCaseOrSuiteEPKci
FNA:13,28,_ZN7testing8internal16SuiteApiResolverI14DoublyListTestE19GetSetUpCaseOrSuiteEPKci
FNA:13,28,_ZN7testing8internal16SuiteApiResolverI14SimpleHashTestE19GetSetUpCaseOrSuiteEPKci
FNA:13,32,_ZN7testing8internal16SuiteApiResolverI15ForwardListTestE19GetSetUpCaseOrSuiteEPKci
FNA:13,52,_ZN7testing8internal16SuiteApiResolverI18FullBinaryTreeTestE19GetSetUpCaseOrSuiteEPKci
FNA:13,36,_ZN7testing8internal16SuiteApiResolverI9ArrayTestE19GetSetUpCaseOrSuiteEPKci
FNA:13,16,_ZN7testing8internal16SuiteApiResolverI9QueueTestE19GetSetUpCaseOrSuiteEPKci
FNA:13,20,_ZN7testing8internal16SuiteApiResolverI9StackTestE19GetSetUpCaseOrSuiteEPKci
FNA:13,0,_ZN7testing8internal16SuiteApiResolverINS0_12_GLOBAL__N_111FailureTestEE19GetSetUpCaseOrSuiteEPKci
FNA:13,24,_ZN7testing8internal16SuiteApiResolverINS_4TestEE19GetSetUpCaseOrSuiteEPKci
FNL:14,539,558
FNA:14,28,_ZN7testing8internal16SuiteApiResolverI11StorageTestE22GetTearDownCaseOrSuiteEPKci
FNA:14,28,_ZN7testing8internal16SuiteApiResolverI14DoublyListTestE22GetTearDownCaseOrSuiteEPKci
FNA:14,28,_ZN7testing8internal16SuiteApiResolverI14SimpleHashTestE22GetTearDownCaseOrSuiteEPKci
FNA:14,32,_ZN7testing8internal16SuiteApiResolverI15ForwardListTestE22GetTearDownCaseOrSuiteEPKci
FNA:14,52,_ZN7testing8internal16SuiteApiResolverI18FullBinaryTreeTestE22GetTearDownCaseOrSuiteEPKci
FNA:14,36,_ZN7testing8internal16SuiteApiResolverI9ArrayTestE22GetTearDownCaseOrSuiteEPKci
FNA:14,16,_ZN7testing8internal16SuiteApiResolverI9QueueTestE22GetTearDownCaseOrSuiteEPKci
FNA:14,20,_ZN7testing8internal16SuiteApiResolverI9StackTestE22GetTearDownCaseOrSuiteEPKci
FNA:14,0,_ZN7testing8internal16SuiteApiResolverINS0_12_GLOBAL__N_111FailureTestEE22GetTearDownCaseOrSuiteEPKci
FNA:14,24,_ZN7testing8internal16SuiteApiResolverINS_4TestEE22GetTearDownCaseOrSuiteEPKci
FNL:15,649,657
FNA:15,0,_ZN7testing8internal9SkipCommaEPKc
FNL:16,661,664
FNA:16,0,_ZN7testing8internal19GetPrefixUntilCommaB5cxx11EPKc
FNL:17,842,842
FNA:17,0,_ZN7testing8internal11AlwaysFalseEv
FNL:18,856,856
FNA:18,123,_ZN7testing8internal14TrueWithStringC2Ev
FNL:19,859,859
FNA:19,123,_ZNK7testing8internal14TrueWithStringcvbEv
FNL:20,872,872
FNA:20,4,_ZN7testing8internal6RandomC2Ej
FNL:21,874,874
FNA:21,0,_ZN7testing8internal6Random6ReseedEj
FNF:22
FNH:11
DA:292,0
DA:317,0
DA:320,0
DA:326,0
DA:329,0
DA:338,0
DA:341,0
DA:343,0
DA:344,0
DA:369,0
DA:370,0
DA:372,0
DA:375,0
DA:381,0
DA:383,0
DA:384,0
DA:385,0
DA:431,268
DA:436,268
DA:450,264
DA:457,264
DA:469,396
DA:490,264
DA:491,264
DA:503,1056
DA:505,1056
DA:518,264
DA:522,264
DA:524,264
DA:526,264
DA:529,0
DA:531,264
DA:539,264
DA:543,264
DA:545,264
DA:547,264
DA:550,0
DA:552,264
DA:649,0
DA:650,0
DA:651,0
DA:652,0
DA:654,0
DA:656,0
DA:661,0
DA:662,0
DA:663,0
DA:842,0
DA:856,123
DA:859,123
DA:872,4
DA:874,0
LF:52
LH:22
end_of_record
TN:
SF:/home/s1ayer/lab1.2/build/_deps/googletest-src/googletest/include/gtest/internal/gtest-param-util.h
FNL:0,691,691
FNA:0,4,_ZN7testing8internal30ParameterizedTestSuiteRegistryC2Ev
FNL:1,692,696
FNA:1,4,_ZN7testing8internal30ParameterizedTestSuiteRegistryD2Ev
FNL:2,729,733
FNA:2,4,_ZN7testing8internal30ParameterizedTestSuiteRegistry13RegisterTestsEv
FNL:3,773,774
FNA:3,0,_ZN7testing8internal34TypeParameterizedTestSuiteRegistry30TypeParameterizedTestSuiteInfoC2ENS0_12CodeLocationE
FNF:4
FNH:3
DA:691,4
DA:692,4
DA:693,4
DA:694,0
DA:696,4
DA:729,4
DA:730,4
DA:731,0
DA:733,4
DA:773,0
DA:774,0
LF:11
LH:7
end_of_record
TN:
SF:/home/s1ayer/lab1.2/build/_deps/googletest-src/googletest/include/gtest/internal/gtest-port.h
FNL:0,1065,1067
FNA:0,0,_ZN7testing8internal13ImplicitCast_IPKvEET_S4_
FNL:1,1116,1128
FNA:1,0,_ZN7testing8internal27CheckedDowncastToActualTypeINS0_11ThreadLocalIPNS_31TestPartResultReporterInterfaceEE11ValueHolderENS0_26ThreadLocalValueHolderBaseEEEPT_PT0_
FNA:1,0,_ZN7testing8internal27CheckedDowncastToActualTypeINS0_11ThreadLocalISt6vectorINS0_9TraceInfoESaIS4_EEE11ValueHolderENS0_26ThreadLocalValueHolderBaseEEEPT_PT0_
FNL:2,1619,1623
FNA:2,0,_ZN7testing8internal9MutexBase4LockEv
FNL:3,1626,1633
FNA:3,0,_ZN7testing8internal9MutexBase6UnlockEv
FNL:4,1676,1679
FNA:4,316,_ZN7testing8internal5MutexC2Ev
FNL:5,1680,1680
FNA:5,316,_ZN7testing8internal5MutexD2Ev
FNL:6,1694,1694
FNA:6,0,_ZN7testing8internal14GTestMutexLockC2EPNS0_9MutexBaseE
FNL:7,1696,1696
FNA:7,0,_ZN7testing8internal14GTestMutexLockD2Ev
FNL:8,1715,1715
FNA:8,0,_ZN7testing8internal26ThreadLocalValueHolderBaseD0Ev
FNA:8,0,_ZN7testing8internal26ThreadLocalValueHolderBaseD2Ev
FNL:9,1720,1722
FNA:9,8,DeleteThreadLocalValue
FNL:10,1728,1729
FNA:10,4,_ZN7testing8internal11ThreadLocalISt6vectorINS0_9TraceInfoESaIS3_EEEC2Ev
FNL:11,1730,1732
FNA:11,4,_ZN7testing8internal11ThreadLocalIPNS_31TestPartResultReporterInterfaceEEC2ERKS3_
FNL:12,1734,1741
FNA:12,4,_ZN7testing8internal11ThreadLocalIPNS_31TestPartResultReporterInterfaceEED2Ev
FNA:12,4,_ZN7testing8internal11ThreadLocalISt6vectorINS0_9TraceInfoESaIS3_EEED2Ev
FNL:13,1743,1743
FNA:13,0,_ZN7testing8internal11ThreadLocalIPNS_31TestPartResultReporterInterfaceEE7pointerEv
FNA:13,0,_ZN7testing8internal11ThreadLocalISt6vectorINS0_9TraceInfoESaIS3_EEE7pointerEv
FNL:14,1744,1744
FNA:14,0,_ZNK7testing8internal11ThreadLocalIPNS_31TestPartResultReporterInterfaceEE7pointerEv
FNL:15,1745,1745
FNA:15,0,_ZNK7testing8internal11ThreadLocalIPNS_31TestPartResultReporterInterfaceEE3getEv
FNL:16,1746,1746
FNA:16,0,_ZN7testing8internal11ThreadLocalIPNS_31TestPartResultReporterInterfaceEE3setERKS3_
FNL:17,1752,1752
FNA:17,0,_ZN7testing8internal11ThreadLocalISt6vectorINS0_9TraceInfoESaIS3_EEE11ValueHolderC2Ev
FNL:18,1753,1753
FNA:18,0,_ZN7testing8internal11ThreadLocalIPNS_31TestPartResultReporterInterfaceEE11ValueHolderC2ERKS3_
FNL:19,1755,1755
FNA:19,0,_ZN7testing8internal11ThreadLocalIPNS_31TestPartResultReporterInterfaceEE11ValueHolder7pointerEv
FNA:19,0,_ZN7testing8internal11ThreadLocalISt6vectorINS0_9TraceInfoESaIS3_EEE11ValueHolder7pointerEv
FNL:20,1763,1770
FNA:20,4,_ZN7testing8internal11ThreadLocalIPNS_31TestPartResultReporterInterfaceEE9CreateKeyEv
FNA:20,4,_ZN7testing8internal11ThreadLocalISt6vectorINS0_9TraceInfoESaIS3_EEE9CreateKeyEv
FNL:21,1772,1783
FNA:21,0,_ZNK7testing8internal11ThreadLocalIPNS_31TestPartResultReporterInterfaceEE16GetOrCreateValueEv
FNA:21,0,_ZNK7testing8internal11ThreadLocalISt6vectorINS0_9TraceInfoESaIS3_EEE16GetOrCreateValueEv
FNL:22,1787,1787
FNA:22,4,_ZN7testing8internal11ThreadLocalIPNS_31TestPartResultReporterInterfaceEE18ValueHolderFactoryC2Ev
FNA:22,4,_ZN7testing8internal11ThreadLocalISt6vectorINS0_9TraceInfoESaIS3_EEE18ValueHolderFactoryC2Ev
FNL:23,1788,1788
FNA:23,0,_ZN7testing8internal11ThreadLocalIPNS_31TestPartResultReporterInterfaceEE18ValueHolderFactoryD0Ev
FNA:23,4,_ZN7testing8internal11ThreadLocalIPNS_31TestPartResultReporterInterfaceEE18ValueHolderFactoryD2Ev
FNA:23,0,_ZN7testing8internal11ThreadLocalISt6vectorINS0_9TraceInfoESaIS3_EEE18ValueHolderFactoryD0Ev
FNA:23,4,_ZN7testing8internal11ThreadLocalISt6vectorINS0_9TraceInfoESaIS3_EEE18ValueHolderFactoryD2Ev
FNL:24,1798,1798
FNA:24,4,_ZN7testing8internal11ThreadLocalISt6vectorINS0_9TraceInfoESaIS3_EEE25DefaultValueHolderFactoryC2Ev
FNL:25,1799,1799
FNA:25,0,_ZNK7testing8internal11ThreadLocalISt6vectorINS0_9TraceInfoESaIS3_EEE25DefaultValueHolderFactory13MakeNewHolderEv
FNL:26,1809,1809
FNA:26,4,_ZN7testing8internal11ThreadLocalIPNS_31TestPartResultReporterInterfaceEE26InstanceValueHolderFactoryC2ERKS3_
FNL:27,1810,1812
FNA:27,0,_ZNK7testing8internal11ThreadLocalIPNS_31TestPartResultReporterInterfaceEE26InstanceValueHolderFactory13MakeNewHolderEv
FNL:28,1905,1907
FNA:28,0,_ZN7testing8internal7IsDigitEc
FNL:29,1911,1913
FNA:29,0,_ZN7testing8internal7IsSpaceEc
FNL:30,1917,1919
FNA:30,0,_ZN7testing8internal8IsXDigitEc
FNL:31,1925,1928
FNA:31,0,_ZN7testing8internal8IsXDigitEDs
FNL:32,1929,1932
FNA:32,0,_ZN7testing8internal8IsXDigitEDi
FNL:33,1933,1936
FNA:33,0,_ZN7testing8internal8IsXDigitEw
FNL:34,1941,1943
FNA:34,1656,_ZN7testing8internal7ToUpperEc
FNL:35,1945,1949
FNA:35,0,_ZN7testing8internal19StripTrailingSpacesENSt7__cxx1112basic_stringIcSt11char_traitsIcESaIcEEE
FNL:36,2015,2015
FNA:36,3,_ZN7testing8internal5posix6FileNoEP8_IO_FILE
FNL:37,2016,2016
FNA:37,3,_ZN7testing8internal5posix8DoIsATTYEi
FNL:38,2017,2017
FNA:38,0,_ZN7testing8internal5posix4StatEPKcP4stat
FNL:39,2018,2020
FNA:39,3,_ZN7testing8internal5posix10StrCaseCmpEPKcS3_
FNL:40,2021,2021
FNA:40,0,_ZN7testing8internal5posix6StrDupEPKc
FNL:41,2023,2023
FNA:41,0,_ZN7testing8internal5posix5IsDirERK4stat
FNL:42,2027,2036
FNA:42,3,_ZN7testing8internal5posix6IsATTYEi
FNL:43,2050,2060
FNA:43,0,_ZN7testing8internal5posix5FOpenEPKcS3_
FNL:44,2065,2065
FNA:44,0,_ZN7testing8internal5posix6FDOpenEiPKc
FNL:45,2067,2067
FNA:45,0,_ZN7testing8internal5posix6FCloseEP8_IO_FILE
FNL:46,2069,2071
FNA:46,0,_ZN7testing8internal5posix4ReadEiPvj
FNL:47,2072,2074
FNA:47,0,_ZN7testing8internal5posix5WriteEiPKvj
FNL:48,2075,2075
FNA:48,0,_ZN7testing8internal5posix5CloseEi
FNL:49,2076,2076
FNA:49,0,_ZN7testing8internal5posix8StrErrorEi
FNL:50,2078,2092
FNA:50,121,_ZN7testing8internal5posix6GetEnvEPKc
FNL:51,2102,2102
FNA:51,0,_ZN7testing8internal5posix5AbortEv
FNL:52,967,967
FNA:52,0,_ZN7testing8internal8GTestLog9GetStreamEv
FNL:53,983,983
FNA:53,0,_ZN7testing8internal11LogToStderrEv
FNL:54,984,984
FNA:54,0,_ZN7testing8internal12FlushInfoLogEv
FNF:55
FNH:17
DA:967,0
DA:983,0
DA:984,0
DA:1065,0
DA:1066,0
DA:1116,0
DA:1118,0
DA:1124,0
DA:1619,0
DA:1620,0
DA:1621,0
DA:1622,0
DA:1623,0
DA:1626,0
DA:1631,0
DA:1632,0
DA:1633,0
DA:1676,316
DA:1677,316
DA:1678,316
DA:1679,316
DA:1680,316
DA:1694,0
DA:1696,0
DA:1715,0
DA:1720,8
DA:1721,8
DA:1722,8
DA:1728,4
DA:1729,4
DA:1730,4
DA:1731,4
DA:1732,4
DA:1734,8
DA:1736,8
DA:1740,8
DA:1741,8
DA:1743,0
DA:1744,0
DA:1745,0
DA:1746,0
DA:1752,0
DA:1753,0
DA:1755,0
DA:1763,8
DA:1767,8
DA:1769,8
DA:1772,0
DA:1774,0
DA:1775,0
DA:1776,0
DA:1779,0
DA:1780,0
DA:1781,0
DA:1782,0
DA:1787,8
DA:1788,8
DA:1798,4
DA:1799,0
DA:1809,4
DA:1810,0
DA:1811,0
DA:1905,0
DA:1906,0
DA:1911,0
DA:1912,0
DA:1917,0
DA:1918,0
DA:1925,0
DA:1926,0
DA:1927,0
DA:1929,0
DA:1930,0
DA:1931,0
DA:1933,0
DA:1934,0
DA:1935,0
DA:1941,1656
DA:1942,1656
DA:1945,0
DA:1946,0
DA:1947,0
DA:1948,0
DA:2015,3
DA:2016,3
DA:2017,0
DA:2018,3
DA:2019,3
DA:2021,0
DA:2023,0
DA:2027,3
DA:2031,3
DA:2032,3
DA:2033,3
DA:2035,3
DA:2050,0
DA:2058,0
DA:2065,0
DA:2067,0
DA:2069,0
DA:2070,0
DA:2072,0
DA:2073,0
DA:2075,0
DA:2076,0
DA:2078,121
DA:2090,121
DA:2102,0
LF:108
LH:37
end_of_record
TN:
SF:/home/s1ayer/lab1.2/build/_deps/googletest-src/googletest/include/gtest/internal/gtest-type-util.h
FNL:0,57,67
FNA:0,0,_ZN7testing8internal31CanonicalizeForStdLibVersioningENSt7__cxx1112basic_stringIcSt11char_traitsIcESaIcEEE
FNL:1,71,87
FNA:1,0,_ZN7testing8internal11GetTypeNameB5cxx11ERKSt9type_info
FNF:2
FNH:0
DA:57,0
DA:59,0
DA:60,0
DA:61,0
DA:63,0
DA:66,0
DA:71,0
DA:72,0
DA:74,0
DA:80,0
DA:81,0
DA:82,0
DA:83,0
DA:87,0
LF:14
LH:0
end_of_record
TN:
SF:/home/s1ayer/lab1.2/build/_deps/googletest-src/googletest/src/gtest-assertion-result.cc
FNL:0,45,49
FNA:0,0,_ZN7testing15AssertionResultC2ERKS0_
FNL:1,52,56
FNA:1,0,_ZN7testing15AssertionResult4swapERS0_
FNL:2,59,63
FNA:2,0,_ZNK7testing15AssertionResultntEv
FNL:3,66,66
FNA:3,201,_ZN7testing16AssertionSuccessEv
FNL:4,69,69
FNA:4,0,_ZN7testing16AssertionFailureEv
FNL:5,73,75
FNA:5,0,_ZN7testing16AssertionFailureERKNS_7MessageE
FNF:6
FNH:1
DA:45,0
DA:46,0
DA:47,0
DA:48,0
DA:49,0
DA:52,0
DA:54,0
DA:55,0
DA:56,0
DA:59,0
DA:60,0
DA:61,0
DA:62,0
DA:63,0
DA:66,201
DA:69,0
DA:73,0
DA:74,0
LF:18
LH:1
end_of_record
TN:
SF:/home/s1ayer/lab1.2/build/_deps/googletest-src/googletest/src/gtest-death-test.cc
FNL:0,1068,1068
FNA:0,0,_ZN7testing8internal16ForkingDeathTest13set_child_pidEi
FNL:1,1076,1078
FNA:1,0,_ZN7testing8internal16ForkingDeathTestC2EPKcNS_7MatcherIRKNSt7__cxx1112basic_stringIcSt11char_traitsIcESaIcEEEEE
FNL:2,1083,1092
FNA:2,0,_ZN7testing8internal16ForkingDeathTest4WaitEv
FNL:3,1098,1099
FNA:3,0,_ZN7testing8internal15NoExecDeathTestC2EPKcNS_7MatcherIRKNSt7__cxx1112basic_stringIcSt11char_traitsIcESaIcEEEEE
FNL:4,1105,1146
FNA:4,0,_ZN7testing8internal15NoExecDeathTest10AssumeRoleEv
FNL:5,1153,1157
FNA:5,0,_ZN7testing8internal13ExecDeathTestC2EPKcNS_7MatcherIRKNSt7__cxx1112basic_stringIcSt11char_traitsIcESaIcEEEEES3_i
FNL:6,1161,1169
FNA:6,0,_ZN7testing8internal13ExecDeathTest32GetArgvsForDeathTestChildProcessB5cxx11Ev
FNL:7,1179,1179
FNA:7,0,_ZN7testing8internal9ArgumentsC2Ev
FNL:8,1181,1186
FNA:8,0,_ZN7testing8internal9ArgumentsD2Ev
FNL:9,1187,1189
FNA:9,0,_ZN7testing8internal9Arguments11AddArgumentEPKc
FNL:10,1192,1197
FNA:10,0,_ZN7testing8internal9Arguments12AddArgumentsINSt7__cxx1112basic_stringIcSt11char_traitsIcESaIcEEEEEvRKSt6vectorIT_SaISA_EE
FNL:11,1198,1198
FNA:11,0,_ZN7testing8internal9Arguments4ArgvEv
FNL:12,1217,1242
FNA:12,0,_ZN7testing8internalL22ExecDeathTestChildMainEPv
FNL:13,1265,1268
FNA:13,0,_ZN7testing8internalL21StackLowerThanAddressEPKvPb
FNL:14,1273,1278
FNA:14,0,_ZN7testing8internalL14StackGrowsDownEv
FNL:15,1288,1381
FNA:15,0,_ZN7testing8internalL23ExecDeathTestSpawnChildEPKPci
FNL:16,1387,1431
FNA:16,0,_ZN7testing8internal13ExecDeathTest10AssumeRoleEv
FNL:17,1440,1498
FNA:17,0,_ZN7testing8internal23DefaultDeathTestFactory6CreateEPKcNS_7MatcherIRKNSt7__cxx1112basic_stringIcSt11char_traitsIcESaIcEEEEES3_iPPNS0_9DeathTestE
FNL:18,149,163
FNA:18,0,_ZN7testing8internal16InDeathTestChildEv
FNL:19,1566,1614
FNA:19,4,_ZN7testing8internal29ParseInternalRunDeathTestFlagEv
FNL:20,168,168
FNA:20,0,_ZN7testing14ExitedWithCodeC2Ei
FNL:21,171,181
FNA:21,0,_ZNK7testing14ExitedWithCodeclEi
FNL:22,185,185
FNA:22,0,_ZN7testing14KilledBySignalC2Ei
FNL:23,188,198
FNA:23,0,_ZNK7testing14KilledBySignalclEi
FNL:24,207,229
FNA:24,0,_ZN7testing8internalL11ExitSummaryEi
FNL:25,233,235
FNA:25,0,_ZN7testing8internal20ExitedUnsuccessfullyEi
FNL:26,242,257
FNA:26,0,_ZN7testing8internalL22DeathTestThreadWarningEm
FNL:27,287,304
FNA:27,0,_ZN7testing8internalL14DeathTestAbortERKNSt7__cxx1112basic_stringIcSt11char_traitsIcESaIcEEE
FNL:28,340,342
FNA:28,0,_ZN7testing8internal23GetLastErrnoDescriptionB5cxx11Ev
FNL:29,348,367
FNA:29,0,_ZN7testing8internalL21FailFromInternalErrorEi
FNL:30,371,378
FNA:30,0,_ZN7testing8internal9DeathTestC2Ev
FNL:31,382,387
FNA:31,0,_ZN7testing8internal9DeathTest6CreateEPKcNS_7MatcherIRKNSt7__cxx1112basic_stringIcSt11char_traitsIcESaIcEEEEES3_iPPS1_
FNL:32,389,391
FNA:32,0,_ZN7testing8internal9DeathTest11LastMessageEv
FNL:33,393,395
FNA:33,0,_ZN7testing8internal9DeathTest27set_last_death_test_messageERKNSt7__cxx1112basic_stringIcSt11char_traitsIcESaIcEEE
FNL:34,402,409
FNA:34,0,_ZN7testing8internal13DeathTestImplC2EPKcNS_7MatcherIRKNSt7__cxx1112basic_stringIcSt11char_traitsIcESaIcEEEEE
FNL:35,412,412
FNA:35,0,_ZN7testing8internal13DeathTestImplD0Ev
FNA:35,0,_ZN7testing8internal13DeathTestImplD2Ev
FNL:36,417,417
FNA:36,0,_ZNK7testing8internal13DeathTestImpl9statementEv
FNL:37,418,418
FNA:37,0,_ZNK7testing8internal13DeathTestImpl7spawnedEv
FNL:38,419,419
FNA:38,0,_ZN7testing8internal13DeathTestImpl11set_spawnedEb
FNL:39,420,420
FNA:39,0,_ZNK7testing8internal13DeathTestImpl6statusEv
FNL:40,421,421
FNA:40,0,_ZN7testing8internal13DeathTestImpl10set_statusEi
FNL:41,422,422
FNA:41,0,_ZNK7testing8internal13DeathTestImpl7outcomeEv
FNL:42,423,423
FNA:42,0,_ZN7testing8internal13DeathTestImpl11set_outcomeENS0_16DeathTestOutcomeE
FNL:43,424,424
FNA:43,0,_ZNK7testing8internal13DeathTestImpl7read_fdEv
FNL:44,425,425
FNA:44,0,_ZN7testing8internal13DeathTestImpl11set_read_fdEi
FNL:45,426,426
FNA:45,0,_ZNK7testing8internal13DeathTestImpl8write_fdEv
FNL:46,427,427
FNA:46,0,_ZN7testing8internal13DeathTestImpl12set_write_fdEi
FNL:47,464,503
FNA:47,0,_ZN7testing8internal13DeathTestImpl26ReadAndInterpretStatusByteEv
FNL:48,505,505
FNA:48,0,_ZN7testing8internal13DeathTestImpl12GetErrorLogsB5cxx11Ev
FNL:49,511,529
FNA:49,0,_ZN7testing8internal13DeathTestImpl5AbortENS0_9DeathTest11AbortReasonE
FNL:50,534,547
FNA:50,0,_ZN7testing8internalL21FormatDeathTestOutputERKNSt7__cxx1112basic_stringIcSt11char_traitsIcESaIcEEE
FNL:51,570,622
FNA:51,0,_ZN7testing8internal13DeathTestImpl6PassedEb
FNF:52
FNH:1
DA:149,0
DA:158,0
DA:159,0
DA:161,0
DA:168,0
DA:171,0
DA:178,0
DA:185,0
DA:188,0
DA:197,0
DA:207,0
DA:208,0
DA:216,0
DA:217,0
DA:218,0
DA:219,0
DA:222,0
DA:223,0
DA:228,0
DA:229,0
DA:233,0
DA:234,0
DA:242,0
DA:243,0
DA:244,0
DA:245,0
DA:246,0
DA:247,0
DA:249,0
DA:253,0
DA:254,0
DA:255,0
DA:256,0
DA:257,0
DA:287,0
DA:292,0
DA:293,0
DA:294,0
DA:295,0
DA:296,0
DA:297,0
DA:298,0
DA:300,0
DA:301,0
DA:302,0
DA:340,0
DA:341,0
DA:348,0
DA:349,0
DA:354,0
DA:355,0
DA:356,0
DA:358,0
DA:360,0
DA:361,0
DA:363,0
DA:364,0
DA:365,0
DA:367,0
DA:371,0
DA:372,0
DA:373,0
DA:374,0
DA:378,0
DA:382,0
DA:385,0
DA:386,0
DA:389,0
DA:390,0
DA:393,0
DA:394,0
DA:395,0
DA:402,0
DA:403,0
DA:404,0
DA:405,0
DA:406,0
DA:407,0
DA:408,0
DA:409,0
DA:412,0
DA:417,0
DA:418,0
DA:419,0
DA:420,0
DA:421,0
DA:422,0
DA:423,0
DA:424,0
DA:425,0
DA:426,0
DA:427,0
DA:464,0
DA:473,0
DA:474,0
DA:476,0
DA:477,0
DA:478,0
DA:479,0
DA:480,0
DA:481,0
DA:482,0
DA:483,0
DA:484,0
DA:485,0
DA:486,0
DA:487,0
DA:488,0
DA:489,0
DA:490,0
DA:491,0
DA:492,0
DA:493,0
DA:494,0
DA:495,0
DA:498,0
DA:499,0
DA:501,0
DA:502,0
DA:503,0
DA:505,0
DA:511,0
DA:515,0
DA:519,0
DA:528,0
DA:534,0
DA:535,0
DA:536,0
DA:537,0
DA:538,0
DA:539,0
DA:540,0
DA:541,0
DA:543,0
DA:544,0
DA:545,0
DA:546,0
DA:547,0
DA:570,0
DA:571,0
DA:573,0
DA:575,0
DA:576,0
DA:578,0
DA:579,0
DA:580,0
DA:581,0
DA:582,0
DA:583,0
DA:584,0
DA:585,0
DA:586,0
DA:587,0
DA:588,0
DA:589,0
DA:590,0
DA:591,0
DA:592,0
DA:593,0
DA:594,0
DA:595,0
DA:596,0
DA:597,0
DA:598,0
DA:600,0
DA:601,0
DA:602,0
DA:603,0
DA:604,0
DA:605,0
DA:606,0
DA:608,0
DA:609,0
DA:610,0
DA:611,0
DA:613,0
DA:614,0
DA:616,0
DA:617,0
DA:620,0
DA:621,0
DA:622,0
DA:1068,0
DA:1076,0
DA:1077,0
DA:1078,0
DA:1083,0
DA:1084,0
DA:1086,0
DA:1089,0
DA:1090,0
DA:1091,0
DA:1098,0
DA:1099,0
DA:1105,0
DA:1106,0
DA:1107,0
DA:1108,0
DA:1112,0
DA:1114,0
DA:1115,0
DA:1123,0
DA:1125,0
DA:1126,0
DA:1127,0
DA:1128,0
DA:1129,0
DA:1130,0
DA:1134,0
DA:1137,0
DA:1138,0
DA:1139,0
DA:1141,0
DA:1142,0
DA:1143,0
DA:1144,0
DA:1153,0
DA:1155,0
DA:1156,0
DA:1157,0
DA:1161,0
DA:1162,0
DA:1168,0
DA:1179,0
DA:1181,0
DA:1182,0
DA:1183,0
DA:1184,0
DA:1186,0
DA:1187,0
DA:1188,0
DA:1189,0
DA:1192,0
DA:1193,0
DA:1194,0
DA:1195,0
DA:1197,0
DA:1198,0
DA:1217,0
DA:1218,0
DA:1219,0
DA:1225,0
DA:1227,0
DA:1228,0
DA:1229,0
DA:1230,0
DA:1238,0
DA:1239,0
DA:1240,0
DA:1241,0
DA:1265,0
DA:1266,0
DA:1267,0
DA:1268,0
DA:1273,0
DA:1274,0
DA:1276,0
DA:1277,0
DA:1288,0
DA:1289,0
DA:1290,0
DA:1329,0
DA:1330,0
DA:1331,0
DA:1332,0
DA:1337,0
DA:1339,0
DA:1340,0
DA:1341,0
DA:1343,0
DA:1345,0
DA:1353,0
DA:1354,0
DA:1355,0
DA:1356,0
DA:1357,0
DA:1361,0
DA:1363,0
DA:1369,0
DA:1370,0
DA:1371,0
DA:1375,0
DA:1379,0
DA:1380,0
DA:1387,0
DA:1388,0
DA:1390,0
DA:1391,0
DA:1392,0
DA:1394,0
DA:1395,0
DA:1396,0
DA:1400,0
DA:1403,0
DA:1405,0
DA:1406,0
DA:1407,0
DA:1408,0
DA:1409,0
DA:1410,0
DA:1411,0
DA:1412,0
DA:1413,0
DA:1414,0
DA:1415,0
DA:1416,0
DA:1418,0
DA:1420,0
DA:1423,0
DA:1425,0
DA:1426,0
DA:1427,0
DA:1428,0
DA:1429,0
DA:1430,0
DA:1431,0
DA:1440,0
DA:1444,0
DA:1446,0
DA:1448,0
DA:1450,0
DA:1451,0
DA:1452,0
DA:1453,0
DA:1454,0
DA:1455,0
DA:1456,0
DA:1459,0
DA:1460,0
DA:1461,0
DA:1462,0
DA:1482,0
DA:1483,0
DA:1484,0
DA:1485,0
DA:1491,0
DA:1492,0
DA:1493,0
DA:1494,0
DA:1497,0
DA:1566,4
DA:1567,4
DA:1571,0
DA:1572,0
DA:1573,0
DA:1574,0
DA:1575,0
DA:1604,0
DA:1605,0
DA:1606,0
DA:1607,0
DA:1608,0
DA:1613,0
DA:1614,0
LF:354
LH:2
end_of_record
TN:
SF:/home/s1ayer/lab1.2/build/_deps/googletest-src/googletest/src/gtest-filepath.cc
FNL:0,123,130
FNA:0,0,_ZNK7testing8internal8FilePath15RemoveExtensionEPKc
FNL:1,135,146
FNA:1,0,_ZNK7testing8internal8FilePath21FindLastPathSeparatorEv
FNL:2,154,157
FNA:2,0,_ZNK7testing8internal8FilePath19RemoveDirectoryNameEv
FNL:3,165,174
FNA:3,0,_ZNK7testing8internal8FilePath14RemoveFileNameEv
FNL:4,182,193
FNA:4,0,_ZN7testing8internal8FilePath12MakeFileNameERKS1_S3_iPKc
FNL:5,197,202
FNA:5,0,_ZN7testing8internal8FilePath11ConcatPathsERKS1_S3_
FNL:6,206,216
FNA:6,0,_ZNK7testing8internal8FilePath21FileOrDirectoryExistsEv
FNL:7,220,246
[...]
FNA:9,960,_ZSt12__get_helperILm0EPNSt7__cxx1118basic_stringstreamIcSt11char_traitsIcESaIcEEEJSt14default_deleteIS5_EEERT0_RSt11_Tuple_implIXT_EJS9_DpT1_EE
FNA:9,0,_ZSt12__get_helperILm0ERKNSt7__cxx1112basic_stringIcSt11char_traitsIcESaIcEEEJEERT0_RSt11_Tuple_implIXT_EJS8_DpT1_EE
FNA:9,0,_ZSt12__get_helperILm1ESt14default_deleteIKNSt7__cxx1112basic_stringIcSt11char_traitsIcESaIcEEEEJEERT0_RSt11_Tuple_implIXT_EJS9_DpT1_EE
FNA:9,4,_ZSt12__get_helperILm1ESt14default_deleteIN7testing8internal11ThreadLocalIPNS1_31TestPartResultReporterInterfaceEE18ValueHolderFactoryEEJEERT0_RSt11_Tuple_implIXT_EJS9_DpT1_EE
FNA:9,4,_ZSt12__get_helperILm1ESt14default_deleteIN7testing8internal11ThreadLocalISt6vectorINS2_9TraceInfoESaIS5_EEE18ValueHolderFactoryEEJEERT0_RSt11_Tuple_implIXT_EJSB_DpT1_EE
FNA:9,198,_ZSt12__get_helperILm1ESt14default_deleteIN7testing8internal14GTestFlagSaverEEJEERT0_RSt11_Tuple_implIXT_EJS5_DpT1_EE
FNA:9,4,_ZSt12__get_helperILm1ESt14default_deleteIN7testing8internal16DeathTestFactoryEEJEERT0_RSt11_Tuple_implIXT_EJS5_DpT1_EE
FNA:9,0,_ZSt12__get_helperILm1ESt14default_deleteIN7testing8internal17StreamingListener20AbstractSocketWriterEEJEERT0_RSt11_Tuple_implIXT_EJS6_DpT1_EE
FNA:9,0,_ZSt12__get_helperILm1ESt14default_deleteIN7testing8internal24InternalRunDeathTestFlagEEJEERT0_RSt11_Tuple_implIXT_EJS5_DpT1_EE
FNA:9,0,_ZSt12__get_helperILm1ESt14default_deleteINSt7__cxx1112basic_stringIcSt11char_traitsIcESaIcEEEEJEERT0_RSt11_Tuple_implIXT_EJS8_DpT1_EE
FNA:9,480,_ZSt12__get_helperILm1ESt14default_deleteINSt7__cxx1118basic_stringstreamIcSt11char_traitsIcESaIcEEEEJEERT0_RSt11_Tuple_implIXT_EJS8_DpT1_EE
FNL:10,2436,2437
FNA:10,370,_ZSt12__get_helperILm0EPKNSt7__cxx1112basic_stringIcSt11char_traitsIcESaIcEEEJSt14default_deleteIS6_EEERKT0_RKSt11_Tuple_implIXT_EJSA_DpT1_EE
FNA:10,0,_ZSt12__get_helperILm0EPN7testing8internal11ThreadLocalIPNS0_31TestPartResultReporterInterfaceEE18ValueHolderFactoryEJSt14default_deleteIS6_EEERKT0_RKSt11_Tuple_implIXT_EJSA_DpT1_EE
FNA:10,0,_ZSt12__get_helperILm0EPN7testing8internal11ThreadLocalISt6vectorINS1_9TraceInfoESaIS4_EEE18ValueHolderFactoryEJSt14default_deleteIS8_EEERKT0_RKSt11_Tuple_implIXT_EJSC_DpT1_EE
FNA:10,0,_ZSt12__get_helperILm0EPN7testing8internal16DeathTestFactoryEJSt14default_deleteIS2_EEERKT0_RKSt11_Tuple_implIXT_EJS6_DpT1_EE
FNA:10,0,_ZSt12__get_helperILm0EPN7testing8internal17StreamingListener20AbstractSocketWriterEJSt14default_deleteIS3_EEERKT0_RKSt11_Tuple_implIXT_EJS7_DpT1_EE
FNA:10,8,_ZSt12__get_helperILm0EPN7testing8internal24InternalRunDeathTestFlagEJSt14default_deleteIS2_EEERKT0_RKSt11_Tuple_implIXT_EJS6_DpT1_EE
FNA:10,0,_ZSt12__get_helperILm0EPNSt7__cxx1112basic_stringIcSt11char_traitsIcESaIcEEEJSt14default_deleteIS5_EEERKT0_RKSt11_Tuple_implIXT_EJS9_DpT1_EE
FNA:10,3096,_ZSt12__get_helperILm0EPNSt7__cxx1118basic_stringstreamIcSt11char_traitsIcESaIcEEEJSt14default_deleteIS5_EEERKT0_RKSt11_Tuple_implIXT_EJS9_DpT1_EE
FNL:11,2447,2448
FNA:11,1136,_ZSt3getILm0EJPKNSt7__cxx1112basic_stringIcSt11char_traitsIcESaIcEEESt14default_deleteIS6_EEERNSt13tuple_elementIXT_ESt5tupleIJDpT0_EEE4typeERSE_
FNA:11,8,_ZSt3getILm0EJPN7testing8internal11ThreadLocalIPNS0_31TestPartResultReporterInterfaceEE18ValueHolderFactoryESt14default_deleteIS6_EEERNSt13tuple_elementIXT_ESt5tupleIJDpT0_EEE4typeERSE_
FNA:11,8,_ZSt3getILm0EJPN7testing8internal11ThreadLocalISt6vectorINS1_9TraceInfoESaIS4_EEE18ValueHolderFactoryESt14default_deleteIS8_EEERNSt13tuple_elementIXT_ESt5tupleIJDpT0_EEE4typeERSG_
FNA:11,396,_ZSt3getILm0EJPN7testing8internal14GTestFlagSaverESt14default_deleteIS2_EEERNSt13tuple_elementIXT_ESt5tupleIJDpT0_EEE4typeERSA_
FNA:11,8,_ZSt3getILm0EJPN7testing8internal16DeathTestFactoryESt14default_deleteIS2_EEERNSt13tuple_elementIXT_ESt5tupleIJDpT0_EEE4typeERSA_
FNA:11,0,_ZSt3getILm0EJPN7testing8internal17StreamingListener20AbstractSocketWriterESt14default_deleteIS3_EEERNSt13tuple_elementIXT_ESt5tupleIJDpT0_EEE4typeERSB_
FNA:11,12,_ZSt3getILm0EJPN7testing8internal24InternalRunDeathTestFlagESt14default_deleteIS2_EEERNSt13tuple_elementIXT_ESt5tupleIJDpT0_EEE4typeERSA_
FNA:11,6357,_ZSt3getILm0EJPNSt7__cxx1112basic_stringIcSt11char_traitsIcESaIcEEESt14default_deleteIS5_EEERNSt13tuple_elementIXT_ESt5tupleIJDpT0_EEE4typeERSD_
FNA:11,960,_ZSt3getILm0EJPNSt7__cxx1118basic_stringstreamIcSt11char_traitsIcESaIcEEESt14default_deleteIS5_EEERNSt13tuple_elementIXT_ESt5tupleIJDpT0_EEE4typeERSD_
FNA:11,0,_ZSt3getILm0EJRKNSt7__cxx1112basic_stringIcSt11char_traitsIcESaIcEEEEERNSt13tuple_elementIXT_ESt5tupleIJDpT0_EEE4typeERSC_
FNA:11,0,_ZSt3getILm1EJPKNSt7__cxx1112basic_stringIcSt11char_traitsIcESaIcEEESt14default_deleteIS6_EEERNSt13tuple_elementIXT_ESt5tupleIJDpT0_EEE4typeERSE_
FNA:11,4,_ZSt3getILm1EJPN7testing8internal11ThreadLocalIPNS0_31TestPartResultReporterInterfaceEE18ValueHolderFactoryESt14default_deleteIS6_EEERNSt13tuple_elementIXT_ESt5tupleIJDpT0_EEE4typeERSE_
FNA:11,4,_ZSt3getILm1EJPN7testing8internal11ThreadLocalISt6vectorINS1_9TraceInfoESaIS4_EEE18ValueHolderFactoryESt14default_deleteIS8_EEERNSt13tuple_elementIXT_ESt5tupleIJDpT0_EEE4typeERSG_
FNA:11,198,_ZSt3getILm1EJPN7testing8internal14GTestFlagSaverESt14default_deleteIS2_EEERNSt13tuple_elementIXT_ESt5tupleIJDpT0_EEE4typeERSA_
FNA:11,4,_ZSt3getILm1EJPN7testing8internal16DeathTestFactoryESt14default_deleteIS2_EEERNSt13tuple_elementIXT_ESt5tupleIJDpT0_EEE4typeERSA_
FNA:11,0,_ZSt3getILm1EJPN7testing8internal17StreamingListener20AbstractSocketWriterESt14default_deleteIS3_EEERNSt13tuple_elementIXT_ESt5tupleIJDpT0_EEE4typeERSB_
FNA:11,0,_ZSt3getILm1EJPN7testing8internal24InternalRunDeathTestFlagESt14default_deleteIS2_EEERNSt13tuple_elementIXT_ESt5tupleIJDpT0_EEE4typeERSA_
FNA:11,0,_ZSt3getILm1EJPNSt7__cxx1112basic_stringIcSt11char_traitsIcESaIcEEESt14default_deleteIS5_EEERNSt13tuple_elementIXT_ESt5tupleIJDpT0_EEE4typeERSD_
FNA:11,480,_ZSt3getILm1EJPNSt7__cxx1118basic_stringstreamIcSt11char_traitsIcESaIcEEESt14default_deleteIS5_EEERNSt13tuple_elementIXT_ESt5tupleIJDpT0_EEE4typeERSD_
FNL:12,2453,2454
FNA:12,370,_ZSt3getILm0EJPKNSt7__cxx1112basic_stringIcSt11char_traitsIcESaIcEEESt14default_deleteIS6_EEERKNSt13tuple_elementIXT_ESt5tupleIJDpT0_EEE4typeERKSE_
FNA:12,0,_ZSt3getILm0EJPN7testing8internal11ThreadLocalIPNS0_31TestPartResultReporterInterfaceEE18ValueHolderFactoryESt14default_deleteIS6_EEERKNSt13tuple_elementIXT_ESt5tupleIJDpT0_EEE4typeERKSE_
FNA:12,0,_ZSt3getILm0EJPN7testing8internal11ThreadLocalISt6vectorINS1_9TraceInfoESaIS4_EEE18ValueHolderFactoryESt14default_deleteIS8_EEERKNSt13tuple_elementIXT_ESt5tupleIJDpT0_EEE4typeERKSG_
FNA:12,0,_ZSt3getILm0EJPN7testing8internal16DeathTestFactoryESt14default_deleteIS2_EEERKNSt13tuple_elementIXT_ESt5tupleIJDpT0_EEE4typeERKSA_
FNA:12,0,_ZSt3getILm0EJPN7testing8internal17StreamingListener20AbstractSocketWriterESt14default_deleteIS3_EEERKNSt13tuple_elementIXT_ESt5tupleIJDpT0_EEE4typeERKSB_
FNA:12,8,_ZSt3getILm0EJPN7testing8internal24InternalRunDeathTestFlagESt14default_deleteIS2_EEERKNSt13tuple_elementIXT_ESt5tupleIJDpT0_EEE4typeERKSA_
FNA:12,0,_ZSt3getILm0EJPNSt7__cxx1112basic_stringIcSt11char_traitsIcESaIcEEESt14default_deleteIS5_EEERKNSt13tuple_elementIXT_ESt5tupleIJDpT0_EEE4typeERKSD_
FNA:12,3096,_ZSt3getILm0EJPNSt7__cxx1118basic_stringstreamIcSt11char_traitsIcESaIcEEESt14default_deleteIS5_EEERKNSt13tuple_elementIXT_ESt5tupleIJDpT0_EEE4typeERKSD_
FNL:13,2459,2463
FNA:13,0,_ZSt3getILm0EJPKN7testing8internal11MatcherBaseINSt7__cxx1112basic_stringIcSt11char_traitsIcESaIcEEEEEPKNS1_9EqMatcherIS8_EEEEONSt13tuple_elementIXT_ESt5tupleIJDpT0_EEE4typeEOSK_
FNA:13,0,_ZSt3getILm0EJPKN7testing8internal11MatcherBaseIRKNSt7__cxx1112basic_stringIcSt11char_traitsIcESaIcEEEEEPKNS1_9EqMatcherIS8_EEEEONSt13tuple_elementIXT_ESt5tupleIJDpT0_EEE4typeEOSM_
FNA:13,0,_ZSt3getILm0EJPKN7testing8internal11MatcherBaseIRKSt17basic_string_viewIcSt11char_traitsIcEEEEPKNS1_9EqMatcherINSt7__cxx1112basic_stringIcS5_SaIcEEEEEEEONSt13tuple_elementIXT_ESt5tupleIJDpT0_EEE4typeEOSO_
FNA:13,0,_ZSt3getILm0EJPKN7testing8internal11MatcherBaseISt17basic_string_viewIcSt11char_traitsIcEEEEPKNS1_9EqMatcherINSt7__cxx1112basic_stringIcS5_SaIcEEEEEEEONSt13tuple_elementIXT_ESt5tupleIJDpT0_EEE4typeEOSM_
FNL:14,246,246
FNA:14,370,_ZNSt10_Head_baseILm0EPKNSt7__cxx1112basic_stringIcSt11char_traitsIcESaIcEEELb0EE7_M_headERKS8_
FNA:14,0,_ZNSt10_Head_baseILm0EPN7testing8internal11ThreadLocalIPNS0_31TestPartResultReporterInterfaceEE18ValueHolderFactoryELb0EE7_M_headERKS8_
FNA:14,0,_ZNSt10_Head_baseILm0EPN7testing8internal11ThreadLocalISt6vectorINS1_9TraceInfoESaIS4_EEE18ValueHolderFactoryELb0EE7_M_headERKSA_
FNA:14,0,_ZNSt10_Head_baseILm0EPN7testing8internal16DeathTestFactoryELb0EE7_M_headERKS4_
FNA:14,0,_ZNSt10_Head_baseILm0EPN7testing8internal17StreamingListener20AbstractSocketWriterELb0EE7_M_headERKS5_
FNA:14,8,_ZNSt10_Head_baseILm0EPN7testing8internal24InternalRunDeathTestFlagELb0EE7_M_headERKS4_
FNA:14,0,_ZNSt10_Head_baseILm0EPNSt7__cxx1112basic_stringIcSt11char_traitsIcESaIcEEELb0EE7_M_headERKS7_
FNA:14,3096,_ZNSt10_Head_baseILm0EPNSt7__cxx1118basic_stringstreamIcSt11char_traitsIcESaIcEEELb0EE7_M_headERKS7_
FNL:15,2642,2647
FNA:15,0,_ZSt10make_tupleIJPKN7testing8internal11MatcherBaseINSt7__cxx1112basic_stringIcSt11char_traitsIcESaIcEEEEEPKNS1_9EqMatcherIS8_EEEESt5tupleIJDpNSt25__strip_reference_wrapperINSt5decayIT_E4typeEE6__typeEEEDpOSJ_
FNA:15,0,_ZSt10make_tupleIJPKN7testing8internal11MatcherBaseIRKNSt7__cxx1112basic_stringIcSt11char_traitsIcESaIcEEEEEPKNS1_9EqMatcherIS8_EEEESt5tupleIJDpNSt25__strip_reference_wrapperINSt5decayIT_E4typeEE6__typeEEEDpOSL_
FNA:15,0,_ZSt10make_tupleIJPKN7testing8internal11MatcherBaseIRKSt17basic_string_viewIcSt11char_traitsIcEEEEPKNS1_9EqMatcherINSt7__cxx1112basic_stringIcS5_SaIcEEEEEEESt5tupleIJDpNSt25__strip_reference_wrapperINSt5decayIT_E4typeEE6__typeEEEDpOSN_
FNA:15,0,_ZSt10make_tupleIJPKN7testing8internal11MatcherBaseISt17basic_string_viewIcSt11char_traitsIcEEEEPKNS1_9EqMatcherINSt7__cxx1112basic_stringIcS5_SaIcEEEEEEESt5tupleIJDpNSt25__strip_reference_wrapperINSt5decayIT_E4typeEE6__typeEEEDpOSL_
FNL:16,2876,2882
FNA:16,0,_ZNSt4pairIKNSt7__cxx1112basic_stringIcSt11char_traitsIcESaIcEEEmEC2IJRS6_EJEEESt21piecewise_construct_tSt5tupleIJDpT_EESB_IJDpT0_EE
FNL:17,2888,2893
FNA:17,0,_ZNSt4pairIKNSt7__cxx1112basic_stringIcSt11char_traitsIcESaIcEEEmEC2IJRS6_EJLm0EEJEJEEERSt5tupleIJDpT_EERSA_IJDpT1_EESt12_Index_tupleIJXspT0_EEESJ_IJXspT2_EEE
FNL:18,294,294
FNA:18,0,_ZNSt11_Tuple_implILm0EJPKN7testing8internal11MatcherBaseINSt7__cxx1112basic_stringIcSt11char_traitsIcESaIcEEEEEPKNS1_9EqMatcherIS8_EEEE7_M_headERSG_
FNA:18,0,_ZNSt11_Tuple_implILm0EJPKN7testing8internal11MatcherBaseIRKNSt7__cxx1112basic_stringIcSt11char_traitsIcESaIcEEEEEPKNS1_9EqMatcherIS8_EEEE7_M_headERSI_
FNA:18,0,_ZNSt11_Tuple_implILm0EJPKN7testing8internal11MatcherBaseIRKSt17basic_string_viewIcSt11char_traitsIcEEEEPKNS1_9EqMatcherINSt7__cxx1112basic_stringIcS5_SaIcEEEEEEE7_M_headERSK_
FNA:18,0,_ZNSt11_Tuple_implILm0EJPKN7testing8internal11MatcherBaseISt17basic_string_viewIcSt11char_traitsIcEEEEPKNS1_9EqMatcherINSt7__cxx1112basic_stringIcS5_SaIcEEEEEEE7_M_headERSI_
FNA:18,1136,_ZNSt11_Tuple_implILm0EJPKNSt7__cxx1112basic_stringIcSt11char_traitsIcESaIcEEESt14default_deleteIS6_EEE7_M_headERSA_
FNA:18,8,_ZNSt11_Tuple_implILm0EJPN7testing8internal11ThreadLocalIPNS0_31TestPartResultReporterInterfaceEE18ValueHolderFactoryESt14default_deleteIS6_EEE7_M_headERSA_
FNA:18,8,_ZNSt11_Tuple_implILm0EJPN7testing8internal11ThreadLocalISt6vectorINS1_9TraceInfoESaIS4_EEE18ValueHolderFactoryESt14default_deleteIS8_EEE7_M_headERSC_
FNA:18,396,_ZNSt11_Tuple_implILm0EJPN7testing8internal14GTestFlagSaverESt14default_deleteIS2_EEE7_M_headERS6_
FNA:18,8,_ZNSt11_Tuple_implILm0EJPN7testing8internal16DeathTestFactoryESt14default_deleteIS2_EEE7_M_headERS6_
FNA:18,0,_ZNSt11_Tuple_implILm0EJPN7testing8internal17StreamingListener20AbstractSocketWriterESt14default_deleteIS3_EEE7_M_headERS7_
FNA:18,12,_ZNSt11_Tuple_implILm0EJPN7testing8internal24InternalRunDeathTestFlagESt14default_deleteIS2_EEE7_M_headERS6_
FNA:18,6357,_ZNSt11_Tuple_implILm0EJPNSt7__cxx1112basic_stringIcSt11char_traitsIcESaIcEEESt14default_deleteIS5_EEE7_M_headERS9_
FNA:18,960,_ZNSt11_Tuple_implILm0EJPNSt7__cxx1118basic_stringstreamIcSt11char_traitsIcESaIcEEESt14default_deleteIS5_EEE7_M_headERS9_
FNL:19,297,297
FNA:19,370,_ZNSt11_Tuple_implILm0EJPKNSt7__cxx1112basic_stringIcSt11char_traitsIcESaIcEEESt14default_deleteIS6_EEE7_M_headERKSA_
FNA:19,0,_ZNSt11_Tuple_implILm0EJPN7testing8internal11ThreadLocalIPNS0_31TestPartResultReporterInterfaceEE18ValueHolderFactoryESt14default_deleteIS6_EEE7_M_headERKSA_
FNA:19,0,_ZNSt11_Tuple_implILm0EJPN7testing8internal11ThreadLocalISt6vectorINS1_9TraceInfoESaIS4_EEE18ValueHolderFactoryESt14default_deleteIS8_EEE7_M_headERKSC_
FNA:19,0,_ZNSt11_Tuple_implILm0EJPN7testing8internal16DeathTestFactoryESt14default_deleteIS2_EEE7_M_headERKS6_
FNA:19,0,_ZNSt11_Tuple_implILm0EJPN7testing8internal17StreamingListener20AbstractSocketWriterESt14default_deleteIS3_EEE7_M_headERKS7_
FNA:19,8,_ZNSt11_Tuple_implILm0EJPN7testing8internal24InternalRunDeathTestFlagESt14default_deleteIS2_EEE7_M_headERKS6_
FNA:19,0,_ZNSt11_Tuple_implILm0EJPNSt7__cxx1112basic_stringIcSt11char_traitsIcESaIcEEESt14default_deleteIS5_EEE7_M_headERKS9_
FNA:19,3096,_ZNSt11_Tuple_implILm0EJPNSt7__cxx1118basic_stringstreamIcSt11char_traitsIcESaIcEEESt14default_deleteIS5_EEE7_M_headERKS9_
FNL:20,305,306
FNA:20,568,_ZNSt11_Tuple_implILm0EJPKNSt7__cxx1112basic_stringIcSt11char_traitsIcESaIcEEESt14default_deleteIS6_EEEC2Ev
FNA:20,4,_ZNSt11_Tuple_implILm0EJPN7testing8internal11ThreadLocalIPNS0_31TestPartResultReporterInterfaceEE18ValueHolderFactoryESt14default_deleteIS6_EEEC2Ev
FNA:20,4,_ZNSt11_Tuple_implILm0EJPN7testing8internal11ThreadLocalISt6vectorINS1_9TraceInfoESaIS4_EEE18ValueHolderFactoryESt14default_deleteIS8_EEEC2Ev
FNA:20,198,_ZNSt11_Tuple_implILm0EJPN7testing8internal14GTestFlagSaverESt14default_deleteIS2_EEEC2Ev
FNA:20,4,_ZNSt11_Tuple_implILm0EJPN7testing8internal16DeathTestFactoryESt14default_deleteIS2_EEEC2Ev
FNA:20,0,_ZNSt11_Tuple_implILm0EJPN7testing8internal17StreamingListener20AbstractSocketWriterESt14default_deleteIS3_EEEC2Ev
FNA:20,4,_ZNSt11_Tuple_implILm0EJPN7testing8internal24InternalRunDeathTestFlagESt14default_deleteIS2_EEEC2Ev
FNA:20,6357,_ZNSt11_Tuple_implILm0EJPNSt7__cxx1112basic_stringIcSt11char_traitsIcESaIcEEESt14default_deleteIS5_EEEC2Ev
FNA:20,480,_ZNSt11_Tuple_implILm0EJPNSt7__cxx1118basic_stringstreamIcSt11char_traitsIcESaIcEEESt14default_deleteIS5_EEEC2Ev
FNL:21,316,319
FNA:21,0,_ZNSt11_Tuple_implILm0EJPKN7testing8internal11MatcherBaseINSt7__cxx1112basic_stringIcSt11char_traitsIcESaIcEEEEEPKNS1_9EqMatcherIS8_EEEEC2ISB_JSF_EvEEOT_DpOT0_
FNA:21,0,_ZNSt11_Tuple_implILm0EJPKN7testing8internal11MatcherBaseIRKNSt7__cxx1112basic_stringIcSt11char_traitsIcESaIcEEEEEPKNS1_9EqMatcherIS8_EEEEC2ISD_JSH_EvEEOT_DpOT0_
FNA:21,0,_ZNSt11_Tuple_implILm0EJPKN7testing8internal11MatcherBaseIRKSt17basic_string_viewIcSt11char_traitsIcEEEEPKNS1_9EqMatcherINSt7__cxx1112basic_stringIcS5_SaIcEEEEEEEC2ISB_JSJ_EvEEOT_DpOT0_
FNA:21,0,_ZNSt11_Tuple_implILm0EJPKN7testing8internal11MatcherBaseISt17basic_string_viewIcSt11char_traitsIcEEEEPKNS1_9EqMatcherINSt7__cxx1112basic_stringIcS5_SaIcEEEEEEEC2IS9_JSH_EvEEOT_DpOT0_
FNL:22,557,557
FNA:22,0,_ZNSt11_Tuple_implILm0EJRKNSt7__cxx1112basic_stringIcSt11char_traitsIcESaIcEEEEE7_M_headERS8_
FNA:22,0,_ZNSt11_Tuple_implILm1EJSt14default_deleteIKNSt7__cxx1112basic_stringIcSt11char_traitsIcESaIcEEEEEE7_M_headERS9_
FNA:22,4,_ZNSt11_Tuple_implILm1EJSt14default_deleteIN7testing8internal11ThreadLocalIPNS1_31TestPartResultReporterInterfaceEE18ValueHolderFactoryEEEE7_M_headERS9_
FNA:22,4,_ZNSt11_Tuple_implILm1EJSt14default_deleteIN7testing8internal11ThreadLocalISt6vectorINS2_9TraceInfoESaIS5_EEE18ValueHolderFactoryEEEE7_M_headERSB_
FNA:22,198,_ZNSt11_Tuple_implILm1EJSt14default_deleteIN7testing8internal14GTestFlagSaverEEEE7_M_headERS5_
FNA:22,4,_ZNSt11_Tuple_implILm1EJSt14default_deleteIN7testing8internal16DeathTestFactoryEEEE7_M_headERS5_
FNA:22,0,_ZNSt11_Tuple_implILm1EJSt14default_deleteIN7testing8internal17StreamingListener20AbstractSocketWriterEEEE7_M_headERS6_
FNA:22,0,_ZNSt11_Tuple_implILm1EJSt14default_deleteIN7testing8internal24InternalRunDeathTestFlagEEEE7_M_headERS5_
FNA:22,0,_ZNSt11_Tuple_implILm1EJSt14default_deleteINSt7__cxx1112basic_stringIcSt11char_traitsIcESaIcEEEEEE7_M_headERS8_
FNA:22,480,_ZNSt11_Tuple_implILm1EJSt14default_deleteINSt7__cxx1118basic_stringstreamIcSt11char_traitsIcESaIcEEEEEE7_M_headERS8_
FNL:23,563,564
FNA:23,568,_ZNSt11_Tuple_implILm1EJSt14default_deleteIKNSt7__cxx1112basic_stringIcSt11char_traitsIcESaIcEEEEEEC2Ev
FNA:23,4,_ZNSt11_Tuple_implILm1EJSt14default_deleteIN7testing8internal11ThreadLocalIPNS1_31TestPartResultReporterInterfaceEE18ValueHolderFactoryEEEEC2Ev
FNA:23,4,_ZNSt11_Tuple_implILm1EJSt14default_deleteIN7testing8internal11ThreadLocalISt6vectorINS2_9TraceInfoESaIS5_EEE18ValueHolderFactoryEEEEC2Ev
FNA:23,198,_ZNSt11_Tuple_implILm1EJSt14default_deleteIN7testing8internal14GTestFlagSaverEEEEC2Ev
FNA:23,4,_ZNSt11_Tuple_implILm1EJSt14default_deleteIN7testing8internal16DeathTestFactoryEEEEC2Ev
FNA:23,0,_ZNSt11_Tuple_implILm1EJSt14default_deleteIN7testing8internal17StreamingListener20AbstractSocketWriterEEEEC2Ev
FNA:23,4,_ZNSt11_Tuple_implILm1EJSt14default_deleteIN7testing8internal24InternalRunDeathTestFlagEEEEC2Ev
FNA:23,6357,_ZNSt11_Tuple_implILm1EJSt14default_deleteINSt7__cxx1112basic_stringIcSt11char_traitsIcESaIcEEEEEEC2Ev
FNA:23,480,_ZNSt11_Tuple_implILm1EJSt14default_deleteINSt7__cxx1118basic_stringstreamIcSt11char_traitsIcESaIcEEEEEEC2Ev
FNL:24,567,569
FNA:24,0,_ZNSt11_Tuple_implILm0EJRKNSt7__cxx1112basic_stringIcSt11char_traitsIcESaIcEEEEEC2ES7_
FNL:25,573,575
FNA:25,0,_ZNSt11_Tuple_implILm1EJPKN7testing8internal9EqMatcherINSt7__cxx1112basic_stringIcSt11char_traitsIcESaIcEEEEEEEC2ISB_EEOT_
FNL:26,587,590
FNA:26,0,_ZNSt11_Tuple_implILm0EJRKNSt7__cxx1112basic_stringIcSt11char_traitsIcESaIcEEEEEC2EOS8_
FNL:27,90,91
FNA:27,568,_ZNSt10_Head_baseILm1ESt14default_deleteIKNSt7__cxx1112basic_stringIcSt11char_traitsIcESaIcEEEELb1EEC2Ev
FNA:27,4,_ZNSt10_Head_baseILm1ESt14default_deleteIN7testing8internal11ThreadLocalIPNS1_31TestPartResultReporterInterfaceEE18ValueHolderFactoryEELb1EEC2Ev
FNA:27,4,_ZNSt10_Head_baseILm1ESt14default_deleteIN7testing8internal11ThreadLocalISt6vectorINS2_9TraceInfoESaIS5_EEE18ValueHolderFactoryEELb1EEC2Ev
FNA:27,198,_ZNSt10_Head_baseILm1ESt14default_deleteIN7testing8internal14GTestFlagSaverEELb1EEC2Ev
FNA:27,4,_ZNSt10_Head_baseILm1ESt14default_deleteIN7testing8internal16DeathTestFactoryEELb1EEC2Ev
FNA:27,0,_ZNSt10_Head_baseILm1ESt14default_deleteIN7testing8internal17StreamingListener20AbstractSocketWriterEELb1EEC2Ev
FNA:27,4,_ZNSt10_Head_baseILm1ESt14default_deleteIN7testing8internal24InternalRunDeathTestFlagEELb1EEC2Ev
FNA:27,6357,_ZNSt10_Head_baseILm1ESt14default_deleteINSt7__cxx1112basic_stringIcSt11char_traitsIcESaIcEEEELb1EEC2Ev
FNA:27,480,_ZNSt10_Head_baseILm1ESt14default_deleteINSt7__cxx1118basic_stringstreamIcSt11char_traitsIcESaIcEEEELb1EEC2Ev
FNF:28
FNH:15
DA:90,7619
DA:91,7619
DA:134,690
DA:199,7619
DA:200,7619
DA:202,0
DA:203,0
DA:209,0
DA:210,0
DA:243,8885
DA:246,3474
DA:294,8885
DA:297,3474
DA:305,7619
DA:306,7619
DA:316,0
DA:318,0
DA:319,0
DA:557,690
DA:563,7619
DA:564,7619
DA:567,0
DA:568,0
DA:569,0
DA:573,0
DA:574,0
DA:575,0
DA:587,0
DA:589,0
DA:590,0
DA:1476,0
DA:1478,0
DA:1507,0
DA:2093,7619
DA:2095,7619
DA:2121,0
DA:2123,0
DA:2124,0
DA:2431,9575
DA:2432,9575
DA:2436,3474
DA:2437,3474
DA:2447,9575
DA:2448,9575
DA:2453,3474
DA:2454,3474
DA:2459,0
DA:2462,0
DA:2642,0
DA:2646,0
DA:2876,0
DA:2881,0
DA:2882,0
DA:2888,0
DA:2891,0
DA:2892,0
DA:2893,0
LF:57
LH:24
end_of_record
TN:
SF:/usr/include/c++/14/typeinfo
FNL:0,102,103
FNA:0,0,_ZNKSt9type_info4nameEv
FNL:1,192,209
FNA:1,0,_ZNKSt9type_infoeqERKS_
FNF:2
FNH:0
DA:102,0
DA:103,0
DA:192,0
DA:194,0
DA:195,0
DA:197,0
DA:198,0
DA:205,0
LF:8
LH:0
end_of_record
TN:
SF:/usr/include/x86_64-linux-gnu/c++/14/bits/c++config.h
FNF:0
FNH:0
DA:550,2491544
DA:609,0
LF:2
LH:1
end_of_record
